<?xml version="1.0" encoding="UTF-8"?>
<testsuites>
  <testsuite name="/data/dongasai/qbittorrent_mcp/php_qbittirrent/phpunit.xml" tests="152" assertions="155" errors="132" failures="10" skipped="0" time="1.962179">
    <testsuite name="Unit" tests="152" assertions="155" errors="132" failures="10" skipped="0" time="1.962179">
      <testsuite name="PhpQbittorrent\Tests\Unit\ClientTest" file="/data/dongasai/qbittorrent_mcp/php_qbittirrent/tests/Unit/ClientTest.php" tests="26" assertions="0" errors="26" failures="0" skipped="0" time="0.000000">
        <testcase name="testGetConfig" file="/data/dongasai/qbittorrent_mcp/php_qbittirrent/tests/Unit/ClientTest.php" line="53" class="PhpQbittorrent\Tests\Unit\ClientTest" classname="PhpQbittorrent.Tests.Unit.ClientTest" assertions="0" time="0.000000">
          <error type="TypeError">PhpQbittorrent\Tests\Unit\ClientTest::testGetConfig
TypeError: PhpQbittorrent\Client::__construct(): Argument #1 ($baseUrl) must be of type string, PhpQbittorrent\Config\ClientConfig given, called in /data/dongasai/qbittorrent_mcp/php_qbittirrent/tests/Unit/ClientTest.php on line 28

/data/dongasai/qbittorrent_mcp/php_qbittirrent/src/Client.php:63
/data/dongasai/qbittorrent_mcp/php_qbittirrent/tests/Unit/ClientTest.php:28</error>
        </testcase>
        <testcase name="testGetTransport" file="/data/dongasai/qbittorrent_mcp/php_qbittirrent/tests/Unit/ClientTest.php" line="62" class="PhpQbittorrent\Tests\Unit\ClientTest" classname="PhpQbittorrent.Tests.Unit.ClientTest" assertions="0" time="0.000000">
          <error type="TypeError">PhpQbittorrent\Tests\Unit\ClientTest::testGetTransport
TypeError: PhpQbittorrent\Client::__construct(): Argument #1 ($baseUrl) must be of type string, PhpQbittorrent\Config\ClientConfig given, called in /data/dongasai/qbittorrent_mcp/php_qbittirrent/tests/Unit/ClientTest.php on line 28

/data/dongasai/qbittorrent_mcp/php_qbittirrent/src/Client.php:63
/data/dongasai/qbittorrent_mcp/php_qbittirrent/tests/Unit/ClientTest.php:28</error>
        </testcase>
        <testcase name="testSetTransport" file="/data/dongasai/qbittorrent_mcp/php_qbittirrent/tests/Unit/ClientTest.php" line="68" class="PhpQbittorrent\Tests\Unit\ClientTest" classname="PhpQbittorrent.Tests.Unit.ClientTest" assertions="0" time="0.000000">
          <error type="TypeError">PhpQbittorrent\Tests\Unit\ClientTest::testSetTransport
TypeError: PhpQbittorrent\Client::__construct(): Argument #1 ($baseUrl) must be of type string, PhpQbittorrent\Config\ClientConfig given, called in /data/dongasai/qbittorrent_mcp/php_qbittirrent/tests/Unit/ClientTest.php on line 28

/data/dongasai/qbittorrent_mcp/php_qbittirrent/src/Client.php:63
/data/dongasai/qbittorrent_mcp/php_qbittirrent/tests/Unit/ClientTest.php:28</error>
        </testcase>
        <testcase name="testUpdateConfig" file="/data/dongasai/qbittorrent_mcp/php_qbittirrent/tests/Unit/ClientTest.php" line="77" class="PhpQbittorrent\Tests\Unit\ClientTest" classname="PhpQbittorrent.Tests.Unit.ClientTest" assertions="0" time="0.000000">
          <error type="TypeError">PhpQbittorrent\Tests\Unit\ClientTest::testUpdateConfig
TypeError: PhpQbittorrent\Client::__construct(): Argument #1 ($baseUrl) must be of type string, PhpQbittorrent\Config\ClientConfig given, called in /data/dongasai/qbittorrent_mcp/php_qbittirrent/tests/Unit/ClientTest.php on line 28

/data/dongasai/qbittorrent_mcp/php_qbittirrent/src/Client.php:63
/data/dongasai/qbittorrent_mcp/php_qbittirrent/tests/Unit/ClientTest.php:28</error>
        </testcase>
        <testcase name="testUpdateConfigWithInvalidConfig" file="/data/dongasai/qbittorrent_mcp/php_qbittirrent/tests/Unit/ClientTest.php" line="87" class="PhpQbittorrent\Tests\Unit\ClientTest" classname="PhpQbittorrent.Tests.Unit.ClientTest" assertions="0" time="0.000000">
          <error type="TypeError">PhpQbittorrent\Tests\Unit\ClientTest::testUpdateConfigWithInvalidConfig
TypeError: PhpQbittorrent\Client::__construct(): Argument #1 ($baseUrl) must be of type string, PhpQbittorrent\Config\ClientConfig given, called in /data/dongasai/qbittorrent_mcp/php_qbittirrent/tests/Unit/ClientTest.php on line 28

/data/dongasai/qbittorrent_mcp/php_qbittirrent/src/Client.php:63
/data/dongasai/qbittorrent_mcp/php_qbittirrent/tests/Unit/ClientTest.php:28</error>
        </testcase>
        <testcase name="testCreate" file="/data/dongasai/qbittorrent_mcp/php_qbittirrent/tests/Unit/ClientTest.php" line="94" class="PhpQbittorrent\Tests\Unit\ClientTest" classname="PhpQbittorrent.Tests.Unit.ClientTest" assertions="0" time="0.000000">
          <error type="TypeError">PhpQbittorrent\Tests\Unit\ClientTest::testCreate
TypeError: PhpQbittorrent\Client::__construct(): Argument #1 ($baseUrl) must be of type string, PhpQbittorrent\Config\ClientConfig given, called in /data/dongasai/qbittorrent_mcp/php_qbittirrent/tests/Unit/ClientTest.php on line 28

/data/dongasai/qbittorrent_mcp/php_qbittirrent/src/Client.php:63
/data/dongasai/qbittorrent_mcp/php_qbittirrent/tests/Unit/ClientTest.php:28</error>
        </testcase>
        <testcase name="testFromArray" file="/data/dongasai/qbittorrent_mcp/php_qbittirrent/tests/Unit/ClientTest.php" line="105" class="PhpQbittorrent\Tests\Unit\ClientTest" classname="PhpQbittorrent.Tests.Unit.ClientTest" assertions="0" time="0.000000">
          <error type="TypeError">PhpQbittorrent\Tests\Unit\ClientTest::testFromArray
TypeError: PhpQbittorrent\Client::__construct(): Argument #1 ($baseUrl) must be of type string, PhpQbittorrent\Config\ClientConfig given, called in /data/dongasai/qbittorrent_mcp/php_qbittirrent/tests/Unit/ClientTest.php on line 28

/data/dongasai/qbittorrent_mcp/php_qbittirrent/src/Client.php:63
/data/dongasai/qbittorrent_mcp/php_qbittirrent/tests/Unit/ClientTest.php:28</error>
        </testcase>
        <testcase name="testFromArrayWithMinimalConfig" file="/data/dongasai/qbittorrent_mcp/php_qbittirrent/tests/Unit/ClientTest.php" line="126" class="PhpQbittorrent\Tests\Unit\ClientTest" classname="PhpQbittorrent.Tests.Unit.ClientTest" assertions="0" time="0.000000">
          <error type="TypeError">PhpQbittorrent\Tests\Unit\ClientTest::testFromArrayWithMinimalConfig
TypeError: PhpQbittorrent\Client::__construct(): Argument #1 ($baseUrl) must be of type string, PhpQbittorrent\Config\ClientConfig given, called in /data/dongasai/qbittorrent_mcp/php_qbittirrent/tests/Unit/ClientTest.php on line 28

/data/dongasai/qbittorrent_mcp/php_qbittirrent/src/Client.php:63
/data/dongasai/qbittorrent_mcp/php_qbittirrent/tests/Unit/ClientTest.php:28</error>
        </testcase>
        <testcase name="testGetAuthAPI" file="/data/dongasai/qbittorrent_mcp/php_qbittirrent/tests/Unit/ClientTest.php" line="135" class="PhpQbittorrent\Tests\Unit\ClientTest" classname="PhpQbittorrent.Tests.Unit.ClientTest" assertions="0" time="0.000000">
          <error type="TypeError">PhpQbittorrent\Tests\Unit\ClientTest::testGetAuthAPI
TypeError: PhpQbittorrent\Client::__construct(): Argument #1 ($baseUrl) must be of type string, PhpQbittorrent\Config\ClientConfig given, called in /data/dongasai/qbittorrent_mcp/php_qbittirrent/tests/Unit/ClientTest.php on line 28

/data/dongasai/qbittorrent_mcp/php_qbittirrent/src/Client.php:63
/data/dongasai/qbittorrent_mcp/php_qbittirrent/tests/Unit/ClientTest.php:28</error>
        </testcase>
        <testcase name="testGetTorrentAPIWithoutLogin" file="/data/dongasai/qbittorrent_mcp/php_qbittirrent/tests/Unit/ClientTest.php" line="145" class="PhpQbittorrent\Tests\Unit\ClientTest" classname="PhpQbittorrent.Tests.Unit.ClientTest" assertions="0" time="0.000000">
          <error type="TypeError">PhpQbittorrent\Tests\Unit\ClientTest::testGetTorrentAPIWithoutLogin
TypeError: PhpQbittorrent\Client::__construct(): Argument #1 ($baseUrl) must be of type string, PhpQbittorrent\Config\ClientConfig given, called in /data/dongasai/qbittorrent_mcp/php_qbittirrent/tests/Unit/ClientTest.php on line 28

/data/dongasai/qbittorrent_mcp/php_qbittirrent/src/Client.php:63
/data/dongasai/qbittorrent_mcp/php_qbittirrent/tests/Unit/ClientTest.php:28</error>
        </testcase>
        <testcase name="testGetApplicationAPIWithoutLogin" file="/data/dongasai/qbittorrent_mcp/php_qbittirrent/tests/Unit/ClientTest.php" line="152" class="PhpQbittorrent\Tests\Unit\ClientTest" classname="PhpQbittorrent.Tests.Unit.ClientTest" assertions="0" time="0.000000">
          <error type="TypeError">PhpQbittorrent\Tests\Unit\ClientTest::testGetApplicationAPIWithoutLogin
TypeError: PhpQbittorrent\Client::__construct(): Argument #1 ($baseUrl) must be of type string, PhpQbittorrent\Config\ClientConfig given, called in /data/dongasai/qbittorrent_mcp/php_qbittirrent/tests/Unit/ClientTest.php on line 28

/data/dongasai/qbittorrent_mcp/php_qbittirrent/src/Client.php:63
/data/dongasai/qbittorrent_mcp/php_qbittirrent/tests/Unit/ClientTest.php:28</error>
        </testcase>
        <testcase name="testGetTransferAPIWithoutLogin" file="/data/dongasai/qbittorrent_mcp/php_qbittirrent/tests/Unit/ClientTest.php" line="159" class="PhpQbittorrent\Tests\Unit\ClientTest" classname="PhpQbittorrent.Tests.Unit.ClientTest" assertions="0" time="0.000000">
          <error type="TypeError">PhpQbittorrent\Tests\Unit\ClientTest::testGetTransferAPIWithoutLogin
TypeError: PhpQbittorrent\Client::__construct(): Argument #1 ($baseUrl) must be of type string, PhpQbittorrent\Config\ClientConfig given, called in /data/dongasai/qbittorrent_mcp/php_qbittirrent/tests/Unit/ClientTest.php on line 28

/data/dongasai/qbittorrent_mcp/php_qbittirrent/src/Client.php:63
/data/dongasai/qbittorrent_mcp/php_qbittirrent/tests/Unit/ClientTest.php:28</error>
        </testcase>
        <testcase name="testGetRSSAPIWithoutLogin" file="/data/dongasai/qbittorrent_mcp/php_qbittirrent/tests/Unit/ClientTest.php" line="166" class="PhpQbittorrent\Tests\Unit\ClientTest" classname="PhpQbittorrent.Tests.Unit.ClientTest" assertions="0" time="0.000000">
          <error type="TypeError">PhpQbittorrent\Tests\Unit\ClientTest::testGetRSSAPIWithoutLogin
TypeError: PhpQbittorrent\Client::__construct(): Argument #1 ($baseUrl) must be of type string, PhpQbittorrent\Config\ClientConfig given, called in /data/dongasai/qbittorrent_mcp/php_qbittirrent/tests/Unit/ClientTest.php on line 28

/data/dongasai/qbittorrent_mcp/php_qbittirrent/src/Client.php:63
/data/dongasai/qbittorrent_mcp/php_qbittirrent/tests/Unit/ClientTest.php:28</error>
        </testcase>
        <testcase name="testGetSearchAPIWithoutLogin" file="/data/dongasai/qbittorrent_mcp/php_qbittirrent/tests/Unit/ClientTest.php" line="173" class="PhpQbittorrent\Tests\Unit\ClientTest" classname="PhpQbittorrent.Tests.Unit.ClientTest" assertions="0" time="0.000000">
          <error type="TypeError">PhpQbittorrent\Tests\Unit\ClientTest::testGetSearchAPIWithoutLogin
TypeError: PhpQbittorrent\Client::__construct(): Argument #1 ($baseUrl) must be of type string, PhpQbittorrent\Config\ClientConfig given, called in /data/dongasai/qbittorrent_mcp/php_qbittirrent/tests/Unit/ClientTest.php on line 28

/data/dongasai/qbittorrent_mcp/php_qbittirrent/src/Client.php:63
/data/dongasai/qbittorrent_mcp/php_qbittirrent/tests/Unit/ClientTest.php:28</error>
        </testcase>
        <testcase name="testMagicGetAuth" file="/data/dongasai/qbittorrent_mcp/php_qbittirrent/tests/Unit/ClientTest.php" line="180" class="PhpQbittorrent\Tests\Unit\ClientTest" classname="PhpQbittorrent.Tests.Unit.ClientTest" assertions="0" time="0.000000">
          <error type="TypeError">PhpQbittorrent\Tests\Unit\ClientTest::testMagicGetAuth
TypeError: PhpQbittorrent\Client::__construct(): Argument #1 ($baseUrl) must be of type string, PhpQbittorrent\Config\ClientConfig given, called in /data/dongasai/qbittorrent_mcp/php_qbittirrent/tests/Unit/ClientTest.php on line 28

/data/dongasai/qbittorrent_mcp/php_qbittirrent/src/Client.php:63
/data/dongasai/qbittorrent_mcp/php_qbittirrent/tests/Unit/ClientTest.php:28</error>
        </testcase>
        <testcase name="testMagicGetInvalidAPI" file="/data/dongasai/qbittorrent_mcp/php_qbittirrent/tests/Unit/ClientTest.php" line="186" class="PhpQbittorrent\Tests\Unit\ClientTest" classname="PhpQbittorrent.Tests.Unit.ClientTest" assertions="0" time="0.000000">
          <error type="TypeError">PhpQbittorrent\Tests\Unit\ClientTest::testMagicGetInvalidAPI
TypeError: PhpQbittorrent\Client::__construct(): Argument #1 ($baseUrl) must be of type string, PhpQbittorrent\Config\ClientConfig given, called in /data/dongasai/qbittorrent_mcp/php_qbittirrent/tests/Unit/ClientTest.php on line 28

/data/dongasai/qbittorrent_mcp/php_qbittirrent/src/Client.php:63
/data/dongasai/qbittorrent_mcp/php_qbittirrent/tests/Unit/ClientTest.php:28</error>
        </testcase>
        <testcase name="testMockLogout" file="/data/dongasai/qbittorrent_mcp/php_qbittirrent/tests/Unit/ClientTest.php" line="234" class="PhpQbittorrent\Tests\Unit\ClientTest" classname="PhpQbittorrent.Tests.Unit.ClientTest" assertions="0" time="0.000000">
          <error type="TypeError">PhpQbittorrent\Tests\Unit\ClientTest::testMockLogout
TypeError: PhpQbittorrent\Client::__construct(): Argument #1 ($baseUrl) must be of type string, PhpQbittorrent\Config\ClientConfig given, called in /data/dongasai/qbittorrent_mcp/php_qbittirrent/tests/Unit/ClientTest.php on line 28

/data/dongasai/qbittorrent_mcp/php_qbittirrent/src/Client.php:63
/data/dongasai/qbittorrent_mcp/php_qbittirrent/tests/Unit/ClientTest.php:28</error>
        </testcase>
        <testcase name="testDestructor" file="/data/dongasai/qbittorrent_mcp/php_qbittirrent/tests/Unit/ClientTest.php" line="267" class="PhpQbittorrent\Tests\Unit\ClientTest" classname="PhpQbittorrent.Tests.Unit.ClientTest" assertions="0" time="0.000000">
          <error type="TypeError">PhpQbittorrent\Tests\Unit\ClientTest::testDestructor
TypeError: PhpQbittorrent\Client::__construct(): Argument #1 ($baseUrl) must be of type string, PhpQbittorrent\Config\ClientConfig given, called in /data/dongasai/qbittorrent_mcp/php_qbittirrent/tests/Unit/ClientTest.php on line 28

/data/dongasai/qbittorrent_mcp/php_qbittirrent/src/Client.php:63
/data/dongasai/qbittorrent_mcp/php_qbittirrent/tests/Unit/ClientTest.php:28</error>
        </testcase>
        <testcase name="testChainedMethodCalls" file="/data/dongasai/qbittorrent_mcp/php_qbittirrent/tests/Unit/ClientTest.php" line="308" class="PhpQbittorrent\Tests\Unit\ClientTest" classname="PhpQbittorrent.Tests.Unit.ClientTest" assertions="0" time="0.000000">
          <error type="TypeError">PhpQbittorrent\Tests\Unit\ClientTest::testChainedMethodCalls
TypeError: PhpQbittorrent\Client::__construct(): Argument #1 ($baseUrl) must be of type string, PhpQbittorrent\Config\ClientConfig given, called in /data/dongasai/qbittorrent_mcp/php_qbittirrent/tests/Unit/ClientTest.php on line 28

/data/dongasai/qbittorrent_mcp/php_qbittirrent/src/Client.php:63
/data/dongasai/qbittorrent_mcp/php_qbittirrent/tests/Unit/ClientTest.php:28</error>
        </testcase>
        <testcase name="testConstructorWithInvalidConfig" file="/data/dongasai/qbittorrent_mcp/php_qbittirrent/tests/Unit/ClientTest.php" line="46" class="PhpQbittorrent\Tests\Unit\ClientTest" classname="PhpQbittorrent.Tests.Unit.ClientTest" assertions="0" time="0.000000">
          <error type="TypeError">PhpQbittorrent\Tests\Unit\ClientTest::testConstructorWithInvalidConfig
TypeError: PhpQbittorrent\Client::__construct(): Argument #1 ($baseUrl) must be of type string, PhpQbittorrent\Config\ClientConfig given, called in /data/dongasai/qbittorrent_mcp/php_qbittirrent/tests/Unit/ClientTest.php on line 28

/data/dongasai/qbittorrent_mcp/php_qbittirrent/src/Client.php:63
/data/dongasai/qbittorrent_mcp/php_qbittirrent/tests/Unit/ClientTest.php:28</error>
        </testcase>
        <testcase name="testAPIInstanceResetAfterTransportChange" file="/data/dongasai/qbittorrent_mcp/php_qbittirrent/tests/Unit/ClientTest.php" line="278" class="PhpQbittorrent\Tests\Unit\ClientTest" classname="PhpQbittorrent.Tests.Unit.ClientTest" assertions="0" time="0.000000">
          <error type="TypeError">PhpQbittorrent\Tests\Unit\ClientTest::testAPIInstanceResetAfterTransportChange
TypeError: PhpQbittorrent\Client::__construct(): Argument #1 ($baseUrl) must be of type string, PhpQbittorrent\Config\ClientConfig given, called in /data/dongasai/qbittorrent_mcp/php_qbittirrent/tests/Unit/ClientTest.php on line 28

/data/dongasai/qbittorrent_mcp/php_qbittirrent/src/Client.php:63
/data/dongasai/qbittorrent_mcp/php_qbittirrent/tests/Unit/ClientTest.php:28</error>
        </testcase>
        <testcase name="testConstructor" file="/data/dongasai/qbittorrent_mcp/php_qbittirrent/tests/Unit/ClientTest.php" line="39" class="PhpQbittorrent\Tests\Unit\ClientTest" classname="PhpQbittorrent.Tests.Unit.ClientTest" assertions="0" time="0.000000">
          <error type="TypeError">PhpQbittorrent\Tests\Unit\ClientTest::testConstructor
TypeError: PhpQbittorrent\Client::__construct(): Argument #1 ($baseUrl) must be of type string, PhpQbittorrent\Config\ClientConfig given, called in /data/dongasai/qbittorrent_mcp/php_qbittirrent/tests/Unit/ClientTest.php on line 28

/data/dongasai/qbittorrent_mcp/php_qbittirrent/src/Client.php:63
/data/dongasai/qbittorrent_mcp/php_qbittirrent/tests/Unit/ClientTest.php:28</error>
        </testcase>
        <testcase name="testMockLoginFailure" file="/data/dongasai/qbittorrent_mcp/php_qbittirrent/tests/Unit/ClientTest.php" line="214" class="PhpQbittorrent\Tests\Unit\ClientTest" classname="PhpQbittorrent.Tests.Unit.ClientTest" assertions="0" time="0.000000">
          <error type="TypeError">PhpQbittorrent\Tests\Unit\ClientTest::testMockLoginFailure
TypeError: PhpQbittorrent\Client::__construct(): Argument #1 ($baseUrl) must be of type string, PhpQbittorrent\Config\ClientConfig given, called in /data/dongasai/qbittorrent_mcp/php_qbittirrent/tests/Unit/ClientTest.php on line 28

/data/dongasai/qbittorrent_mcp/php_qbittirrent/src/Client.php:63
/data/dongasai/qbittorrent_mcp/php_qbittirrent/tests/Unit/ClientTest.php:28</error>
        </testcase>
        <testcase name="testClose" file="/data/dongasai/qbittorrent_mcp/php_qbittirrent/tests/Unit/ClientTest.php" line="256" class="PhpQbittorrent\Tests\Unit\ClientTest" classname="PhpQbittorrent.Tests.Unit.ClientTest" assertions="0" time="0.000000">
          <error type="TypeError">PhpQbittorrent\Tests\Unit\ClientTest::testClose
TypeError: PhpQbittorrent\Client::__construct(): Argument #1 ($baseUrl) must be of type string, PhpQbittorrent\Config\ClientConfig given, called in /data/dongasai/qbittorrent_mcp/php_qbittirrent/tests/Unit/ClientTest.php on line 28

/data/dongasai/qbittorrent_mcp/php_qbittirrent/src/Client.php:63
/data/dongasai/qbittorrent_mcp/php_qbittirrent/tests/Unit/ClientTest.php:28</error>
        </testcase>
        <testcase name="testAPIInstanceResetAfterConfigChange" file="/data/dongasai/qbittorrent_mcp/php_qbittirrent/tests/Unit/ClientTest.php" line="293" class="PhpQbittorrent\Tests\Unit\ClientTest" classname="PhpQbittorrent.Tests.Unit.ClientTest" assertions="0" time="0.000000">
          <error type="TypeError">PhpQbittorrent\Tests\Unit\ClientTest::testAPIInstanceResetAfterConfigChange
TypeError: PhpQbittorrent\Client::__construct(): Argument #1 ($baseUrl) must be of type string, PhpQbittorrent\Config\ClientConfig given, called in /data/dongasai/qbittorrent_mcp/php_qbittirrent/tests/Unit/ClientTest.php on line 28

/data/dongasai/qbittorrent_mcp/php_qbittirrent/src/Client.php:63
/data/dongasai/qbittorrent_mcp/php_qbittirrent/tests/Unit/ClientTest.php:28</error>
        </testcase>
        <testcase name="testMockLoginSuccess" file="/data/dongasai/qbittorrent_mcp/php_qbittirrent/tests/Unit/ClientTest.php" line="193" class="PhpQbittorrent\Tests\Unit\ClientTest" classname="PhpQbittorrent.Tests.Unit.ClientTest" assertions="0" time="0.000000">
          <error type="TypeError">PhpQbittorrent\Tests\Unit\ClientTest::testMockLoginSuccess
TypeError: PhpQbittorrent\Client::__construct(): Argument #1 ($baseUrl) must be of type string, PhpQbittorrent\Config\ClientConfig given, called in /data/dongasai/qbittorrent_mcp/php_qbittirrent/tests/Unit/ClientTest.php on line 28

/data/dongasai/qbittorrent_mcp/php_qbittirrent/src/Client.php:63
/data/dongasai/qbittorrent_mcp/php_qbittirrent/tests/Unit/ClientTest.php:28</error>
        </testcase>
      </testsuite>
      <testsuite name="PhpQbittorrent\Tests\Unit\Config\ClientConfigTest" file="/data/dongasai/qbittorrent_mcp/php_qbittirrent/tests/Unit/Config/ClientConfigTest.php" tests="19" assertions="70" errors="17" failures="2" skipped="0" time="0.003800">
        <testcase name="testConstructorWithBasicParameters" file="/data/dongasai/qbittorrent_mcp/php_qbittirrent/tests/Unit/Config/ClientConfigTest.php" line="14" class="PhpQbittorrent\Tests\Unit\Config\ClientConfigTest" classname="PhpQbittorrent.Tests.Unit.Config.ClientConfigTest" assertions="8" time="0.000968">
          <error type="TypeError">PhpQbittorrent\Tests\Unit\Config\ClientConfigTest::testConstructorWithBasicParameters
TypeError: Cannot assign null to property PhpQbittorrent\Tests\TestCase::$factory of type Nyholm\Psr7\Factory\Psr17Factory

/data/dongasai/qbittorrent_mcp/php_qbittirrent/tests/TestCase.php:31</error>
        </testcase>
        <testcase name="testConstructorTrimsTrailingSlash" file="/data/dongasai/qbittorrent_mcp/php_qbittirrent/tests/Unit/Config/ClientConfigTest.php" line="32" class="PhpQbittorrent\Tests\Unit\Config\ClientConfigTest" classname="PhpQbittorrent.Tests.Unit.Config.ClientConfigTest" assertions="1" time="0.000152">
          <error type="TypeError">PhpQbittorrent\Tests\Unit\Config\ClientConfigTest::testConstructorTrimsTrailingSlash
TypeError: Cannot assign null to property PhpQbittorrent\Tests\TestCase::$factory of type Nyholm\Psr7\Factory\Psr17Factory

/data/dongasai/qbittorrent_mcp/php_qbittirrent/tests/TestCase.php:31</error>
        </testcase>
        <testcase name="testFromArray" file="/data/dongasai/qbittorrent_mcp/php_qbittirrent/tests/Unit/Config/ClientConfigTest.php" line="40" class="PhpQbittorrent\Tests\Unit\Config\ClientConfigTest" classname="PhpQbittorrent.Tests.Unit.Config.ClientConfigTest" assertions="10" time="0.000186">
          <error type="TypeError">PhpQbittorrent\Tests\Unit\Config\ClientConfigTest::testFromArray
TypeError: Cannot assign null to property PhpQbittorrent\Tests\TestCase::$factory of type Nyholm\Psr7\Factory\Psr17Factory

/data/dongasai/qbittorrent_mcp/php_qbittirrent/tests/TestCase.php:31</error>
        </testcase>
        <testcase name="testFromArrayWithMinimalData" file="/data/dongasai/qbittorrent_mcp/php_qbittirrent/tests/Unit/Config/ClientConfigTest.php" line="69" class="PhpQbittorrent\Tests\Unit\Config\ClientConfigTest" classname="PhpQbittorrent.Tests.Unit.Config.ClientConfigTest" assertions="5" time="0.000138">
          <error type="TypeError">PhpQbittorrent\Tests\Unit\Config\ClientConfigTest::testFromArrayWithMinimalData
TypeError: Cannot assign null to property PhpQbittorrent\Tests\TestCase::$factory of type Nyholm\Psr7\Factory\Psr17Factory

/data/dongasai/qbittorrent_mcp/php_qbittirrent/tests/TestCase.php:31</error>
        </testcase>
        <testcase name="testValidateValidConfig" file="/data/dongasai/qbittorrent_mcp/php_qbittirrent/tests/Unit/Config/ClientConfigTest.php" line="81" class="PhpQbittorrent\Tests\Unit\Config\ClientConfigTest" classname="PhpQbittorrent.Tests.Unit.Config.ClientConfigTest" assertions="2" time="0.000220">
          <error type="TypeError">PhpQbittorrent\Tests\Unit\Config\ClientConfigTest::testValidateValidConfig
TypeError: Cannot assign null to property PhpQbittorrent\Tests\TestCase::$factory of type Nyholm\Psr7\Factory\Psr17Factory

/data/dongasai/qbittorrent_mcp/php_qbittirrent/tests/TestCase.php:31</error>
        </testcase>
        <testcase name="testValidateEmptyUrl" file="/data/dongasai/qbittorrent_mcp/php_qbittirrent/tests/Unit/Config/ClientConfigTest.php" line="88" class="PhpQbittorrent\Tests\Unit\Config\ClientConfigTest" classname="PhpQbittorrent.Tests.Unit.Config.ClientConfigTest" assertions="3" time="0.000226">
          <error type="TypeError">PhpQbittorrent\Tests\Unit\Config\ClientConfigTest::testValidateEmptyUrl
TypeError: Cannot assign null to property PhpQbittorrent\Tests\TestCase::$factory of type Nyholm\Psr7\Factory\Psr17Factory

/data/dongasai/qbittorrent_mcp/php_qbittirrent/tests/TestCase.php:31</error>
        </testcase>
        <testcase name="testValidateInvalidUrl" file="/data/dongasai/qbittorrent_mcp/php_qbittirrent/tests/Unit/Config/ClientConfigTest.php" line="97" class="PhpQbittorrent\Tests\Unit\Config\ClientConfigTest" classname="PhpQbittorrent.Tests.Unit.Config.ClientConfigTest" assertions="3" time="0.000130">
          <error type="TypeError">PhpQbittorrent\Tests\Unit\Config\ClientConfigTest::testValidateInvalidUrl
TypeError: Cannot assign null to property PhpQbittorrent\Tests\TestCase::$factory of type Nyholm\Psr7\Factory\Psr17Factory

/data/dongasai/qbittorrent_mcp/php_qbittirrent/tests/TestCase.php:31</error>
        </testcase>
        <testcase name="testValidateNegativeTimeout" file="/data/dongasai/qbittorrent_mcp/php_qbittirrent/tests/Unit/Config/ClientConfigTest.php" line="106" class="PhpQbittorrent\Tests\Unit\Config\ClientConfigTest" classname="PhpQbittorrent.Tests.Unit.Config.ClientConfigTest" assertions="3" time="0.000141">
          <error type="TypeError">PhpQbittorrent\Tests\Unit\Config\ClientConfigTest::testValidateNegativeTimeout
TypeError: Cannot assign null to property PhpQbittorrent\Tests\TestCase::$factory of type Nyholm\Psr7\Factory\Psr17Factory

/data/dongasai/qbittorrent_mcp/php_qbittirrent/tests/TestCase.php:31</error>
        </testcase>
        <testcase name="testValidateZeroTimeout" file="/data/dongasai/qbittorrent_mcp/php_qbittirrent/tests/Unit/Config/ClientConfigTest.php" line="116" class="PhpQbittorrent\Tests\Unit\Config\ClientConfigTest" classname="PhpQbittorrent.Tests.Unit.Config.ClientConfigTest" assertions="2" time="0.000123">
          <error type="TypeError">PhpQbittorrent\Tests\Unit\Config\ClientConfigTest::testValidateZeroTimeout
TypeError: Cannot assign null to property PhpQbittorrent\Tests\TestCase::$factory of type Nyholm\Psr7\Factory\Psr17Factory

/data/dongasai/qbittorrent_mcp/php_qbittirrent/tests/TestCase.php:31</error>
        </testcase>
        <testcase name="testValidateNegativeConnectTimeout" file="/data/dongasai/qbittorrent_mcp/php_qbittirrent/tests/Unit/Config/ClientConfigTest.php" line="125" class="PhpQbittorrent\Tests\Unit\Config\ClientConfigTest" classname="PhpQbittorrent.Tests.Unit.Config.ClientConfigTest" assertions="2" time="0.000116">
          <error type="TypeError">PhpQbittorrent\Tests\Unit\Config\ClientConfigTest::testValidateNegativeConnectTimeout
TypeError: Cannot assign null to property PhpQbittorrent\Tests\TestCase::$factory of type Nyholm\Psr7\Factory\Psr17Factory

/data/dongasai/qbittorrent_mcp/php_qbittirrent/tests/TestCase.php:31</error>
        </testcase>
        <testcase name="testValidateInvalidProxyUrl" file="/data/dongasai/qbittorrent_mcp/php_qbittirrent/tests/Unit/Config/ClientConfigTest.php" line="134" class="PhpQbittorrent\Tests\Unit\Config\ClientConfigTest" classname="PhpQbittorrent.Tests.Unit.Config.ClientConfigTest" assertions="3" time="0.000135">
          <error type="TypeError">PhpQbittorrent\Tests\Unit\Config\ClientConfigTest::testValidateInvalidProxyUrl
TypeError: Cannot assign null to property PhpQbittorrent\Tests\TestCase::$factory of type Nyholm\Psr7\Factory\Psr17Factory

/data/dongasai/qbittorrent_mcp/php_qbittirrent/tests/TestCase.php:31</error>
        </testcase>
        <testcase name="testValidateWithNullProxy" file="/data/dongasai/qbittorrent_mcp/php_qbittirrent/tests/Unit/Config/ClientConfigTest.php" line="144" class="PhpQbittorrent\Tests\Unit\Config\ClientConfigTest" classname="PhpQbittorrent.Tests.Unit.Config.ClientConfigTest" assertions="1" time="0.000104">
          <error type="TypeError">PhpQbittorrent\Tests\Unit\Config\ClientConfigTest::testValidateWithNullProxy
TypeError: Cannot assign null to property PhpQbittorrent\Tests\TestCase::$factory of type Nyholm\Psr7\Factory\Psr17Factory

/data/dongasai/qbittorrent_mcp/php_qbittirrent/tests/TestCase.php:31</error>
        </testcase>
        <testcase name="testSetters" file="/data/dongasai/qbittorrent_mcp/php_qbittirrent/tests/Unit/Config/ClientConfigTest.php" line="151" class="PhpQbittorrent\Tests\Unit\Config\ClientConfigTest" classname="PhpQbittorrent.Tests.Unit.Config.ClientConfigTest" assertions="10" time="0.000148">
          <error type="TypeError">PhpQbittorrent\Tests\Unit\Config\ClientConfigTest::testSetters
TypeError: Cannot assign null to property PhpQbittorrent\Tests\TestCase::$factory of type Nyholm\Psr7\Factory\Psr17Factory

/data/dongasai/qbittorrent_mcp/php_qbittirrent/tests/TestCase.php:31</error>
        </testcase>
        <testcase name="testHasCredentials" file="/data/dongasai/qbittorrent_mcp/php_qbittirrent/tests/Unit/Config/ClientConfigTest.php" line="195" class="PhpQbittorrent\Tests\Unit\Config\ClientConfigTest" classname="PhpQbittorrent.Tests.Unit.Config.ClientConfigTest" assertions="4" time="0.000112">
          <error type="TypeError">PhpQbittorrent\Tests\Unit\Config\ClientConfigTest::testHasCredentials
TypeError: Cannot assign null to property PhpQbittorrent\Tests\TestCase::$factory of type Nyholm\Psr7\Factory\Psr17Factory

/data/dongasai/qbittorrent_mcp/php_qbittirrent/tests/TestCase.php:31</error>
        </testcase>
        <testcase name="testToArray" file="/data/dongasai/qbittorrent_mcp/php_qbittirrent/tests/Unit/Config/ClientConfigTest.php" line="210" class="PhpQbittorrent\Tests\Unit\Config\ClientConfigTest" classname="PhpQbittorrent.Tests.Unit.Config.ClientConfigTest" assertions="1" time="0.000151">
          <error type="TypeError">PhpQbittorrent\Tests\Unit\Config\ClientConfigTest::testToArray
TypeError: Cannot assign null to property PhpQbittorrent\Tests\TestCase::$factory of type Nyholm\Psr7\Factory\Psr17Factory

/data/dongasai/qbittorrent_mcp/php_qbittirrent/tests/TestCase.php:31</error>
        </testcase>
        <testcase name="testDefaultUserAgent" file="/data/dongasai/qbittorrent_mcp/php_qbittirrent/tests/Unit/Config/ClientConfigTest.php" line="236" class="PhpQbittorrent\Tests\Unit\Config\ClientConfigTest" classname="PhpQbittorrent.Tests.Unit.Config.ClientConfigTest" assertions="1" time="0.000112">
          <error type="TypeError">PhpQbittorrent\Tests\Unit\Config\ClientConfigTest::testDefaultUserAgent
TypeError: Cannot assign null to property PhpQbittorrent\Tests\TestCase::$factory of type Nyholm\Psr7\Factory\Psr17Factory

/data/dongasai/qbittorrent_mcp/php_qbittirrent/tests/TestCase.php:31</error>
        </testcase>
        <testcase name="testBoundaryValues" file="/data/dongasai/qbittorrent_mcp/php_qbittirrent/tests/Unit/Config/ClientConfigTest.php" line="253" class="PhpQbittorrent\Tests\Unit\Config\ClientConfigTest" classname="PhpQbittorrent.Tests.Unit.Config.ClientConfigTest" assertions="4" time="0.000114">
          <error type="TypeError">PhpQbittorrent\Tests\Unit\Config\ClientConfigTest::testBoundaryValues
TypeError: Cannot assign null to property PhpQbittorrent\Tests\TestCase::$factory of type Nyholm\Psr7\Factory\Psr17Factory

/data/dongasai/qbittorrent_mcp/php_qbittirrent/tests/TestCase.php:31</error>
        </testcase>
        <testcase name="testEmptyCredentials" file="/data/dongasai/qbittorrent_mcp/php_qbittirrent/tests/Unit/Config/ClientConfigTest.php" line="242" class="PhpQbittorrent\Tests\Unit\Config\ClientConfigTest" classname="PhpQbittorrent.Tests.Unit.Config.ClientConfigTest" assertions="1" time="0.000375">
          <failure type="PHPUnit\Framework\ExpectationFailedException">PhpQbittorrent\Tests\Unit\Config\ClientConfigTest::testEmptyCredentials
Failed asserting that '' is null.

/data/dongasai/qbittorrent_mcp/php_qbittirrent/tests/Unit/Config/ClientConfigTest.php:245</failure>
        </testcase>
        <testcase name="testVariousUrlFormats" file="/data/dongasai/qbittorrent_mcp/php_qbittirrent/tests/Unit/Config/ClientConfigTest.php" line="275" class="PhpQbittorrent\Tests\Unit\Config\ClientConfigTest" classname="PhpQbittorrent.Tests.Unit.Config.ClientConfigTest" assertions="6" time="0.000148">
          <failure type="PHPUnit\Framework\ExpectationFailedException">PhpQbittorrent\Tests\Unit\Config\ClientConfigTest::testVariousUrlFormats
URL should be invalid: ftp://example.com
Failed asserting that true is false.

/data/dongasai/qbittorrent_mcp/php_qbittirrent/tests/Unit/Config/ClientConfigTest.php:300</failure>
        </testcase>
      </testsuite>
      <testsuite name="PhpQbittorrent\Tests\Unit\Transport\CurlTransportTest" file="/data/dongasai/qbittorrent_mcp/php_qbittirrent/tests/Unit/Transport/CurlTransportTest.php" tests="28" assertions="38" errors="27" failures="1" skipped="0" time="1.942552">
        <testcase name="testImplementsTransportInterface" file="/data/dongasai/qbittorrent_mcp/php_qbittirrent/tests/Unit/Transport/CurlTransportTest.php" line="32" class="PhpQbittorrent\Tests\Unit\Transport\CurlTransportTest" classname="PhpQbittorrent.Tests.Unit.Transport.CurlTransportTest" assertions="1" time="0.000695">
          <error type="TypeError">PhpQbittorrent\Tests\Unit\Transport\CurlTransportTest::testImplementsTransportInterface
TypeError: Cannot assign null to property PhpQbittorrent\Tests\TestCase::$factory of type Nyholm\Psr7\Factory\Psr17Factory

/data/dongasai/qbittorrent_mcp/php_qbittirrent/tests/TestCase.php:31
/data/dongasai/qbittorrent_mcp/php_qbittirrent/tests/Unit/Transport/CurlTransportTest.php:29</error>
        </testcase>
        <testcase name="testSetAndGetBaseUrl" file="/data/dongasai/qbittorrent_mcp/php_qbittirrent/tests/Unit/Transport/CurlTransportTest.php" line="37" class="PhpQbittorrent\Tests\Unit\Transport\CurlTransportTest" classname="PhpQbittorrent.Tests.Unit.Transport.CurlTransportTest" assertions="1" time="0.000166">
          <error type="TypeError">PhpQbittorrent\Tests\Unit\Transport\CurlTransportTest::testSetAndGetBaseUrl
TypeError: Cannot assign null to property PhpQbittorrent\Tests\TestCase::$factory of type Nyholm\Psr7\Factory\Psr17Factory

/data/dongasai/qbittorrent_mcp/php_qbittirrent/tests/TestCase.php:31
/data/dongasai/qbittorrent_mcp/php_qbittirrent/tests/Unit/Transport/CurlTransportTest.php:29</error>
        </testcase>
        <testcase name="testSetAndGetAuthentication" file="/data/dongasai/qbittorrent_mcp/php_qbittirrent/tests/Unit/Transport/CurlTransportTest.php" line="44" class="PhpQbittorrent\Tests\Unit\Transport\CurlTransportTest" classname="PhpQbittorrent.Tests.Unit.Transport.CurlTransportTest" assertions="1" time="0.000121">
          <error type="TypeError">PhpQbittorrent\Tests\Unit\Transport\CurlTransportTest::testSetAndGetAuthentication
TypeError: Cannot assign null to property PhpQbittorrent\Tests\TestCase::$factory of type Nyholm\Psr7\Factory\Psr17Factory

/data/dongasai/qbittorrent_mcp/php_qbittirrent/tests/TestCase.php:31
/data/dongasai/qbittorrent_mcp/php_qbittirrent/tests/Unit/Transport/CurlTransportTest.php:29</error>
        </testcase>
        <testcase name="testSetAndGetLastResponseCode" file="/data/dongasai/qbittorrent_mcp/php_qbittirrent/tests/Unit/Transport/CurlTransportTest.php" line="51" class="PhpQbittorrent\Tests\Unit\Transport\CurlTransportTest" classname="PhpQbittorrent.Tests.Unit.Transport.CurlTransportTest" assertions="1" time="0.000151">
          <error type="TypeError">PhpQbittorrent\Tests\Unit\Transport\CurlTransportTest::testSetAndGetLastResponseCode
TypeError: Cannot assign null to property PhpQbittorrent\Tests\TestCase::$factory of type Nyholm\Psr7\Factory\Psr17Factory

/data/dongasai/qbittorrent_mcp/php_qbittirrent/tests/TestCase.php:31
/data/dongasai/qbittorrent_mcp/php_qbittirrent/tests/Unit/Transport/CurlTransportTest.php:29</error>
        </testcase>
        <testcase name="testSetAndGetLastError" file="/data/dongasai/qbittorrent_mcp/php_qbittirrent/tests/Unit/Transport/CurlTransportTest.php" line="57" class="PhpQbittorrent\Tests\Unit\Transport\CurlTransportTest" classname="PhpQbittorrent.Tests.Unit.Transport.CurlTransportTest" assertions="1" time="0.000127">
          <error type="TypeError">PhpQbittorrent\Tests\Unit\Transport\CurlTransportTest::testSetAndGetLastError
TypeError: Cannot assign null to property PhpQbittorrent\Tests\TestCase::$factory of type Nyholm\Psr7\Factory\Psr17Factory

/data/dongasai/qbittorrent_mcp/php_qbittirrent/tests/TestCase.php:31
/data/dongasai/qbittorrent_mcp/php_qbittirrent/tests/Unit/Transport/CurlTransportTest.php:29</error>
        </testcase>
        <testcase name="testSetTimeout" file="/data/dongasai/qbittorrent_mcp/php_qbittirrent/tests/Unit/Transport/CurlTransportTest.php" line="63" class="PhpQbittorrent\Tests\Unit\Transport\CurlTransportTest" classname="PhpQbittorrent.Tests.Unit.Transport.CurlTransportTest" assertions="1" time="0.000119">
          <error type="TypeError">PhpQbittorrent\Tests\Unit\Transport\CurlTransportTest::testSetTimeout
TypeError: Cannot assign null to property PhpQbittorrent\Tests\TestCase::$factory of type Nyholm\Psr7\Factory\Psr17Factory

/data/dongasai/qbittorrent_mcp/php_qbittirrent/tests/TestCase.php:31
/data/dongasai/qbittorrent_mcp/php_qbittirrent/tests/Unit/Transport/CurlTransportTest.php:29</error>
        </testcase>
        <testcase name="testSetConnectTimeout" file="/data/dongasai/qbittorrent_mcp/php_qbittirrent/tests/Unit/Transport/CurlTransportTest.php" line="71" class="PhpQbittorrent\Tests\Unit\Transport\CurlTransportTest" classname="PhpQbittorrent.Tests.Unit.Transport.CurlTransportTest" assertions="1" time="0.000121">
          <error type="TypeError">PhpQbittorrent\Tests\Unit\Transport\CurlTransportTest::testSetConnectTimeout
TypeError: Cannot assign null to property PhpQbittorrent\Tests\TestCase::$factory of type Nyholm\Psr7\Factory\Psr17Factory

/data/dongasai/qbittorrent_mcp/php_qbittirrent/tests/TestCase.php:31
/data/dongasai/qbittorrent_mcp/php_qbittirrent/tests/Unit/Transport/CurlTransportTest.php:29</error>
        </testcase>
        <testcase name="testSetUserAgent" file="/data/dongasai/qbittorrent_mcp/php_qbittirrent/tests/Unit/Transport/CurlTransportTest.php" line="78" class="PhpQbittorrent\Tests\Unit\Transport\CurlTransportTest" classname="PhpQbittorrent.Tests.Unit.Transport.CurlTransportTest" assertions="1" time="0.000132">
          <error type="TypeError">PhpQbittorrent\Tests\Unit\Transport\CurlTransportTest::testSetUserAgent
TypeError: Cannot assign null to property PhpQbittorrent\Tests\TestCase::$factory of type Nyholm\Psr7\Factory\Psr17Factory

/data/dongasai/qbittorrent_mcp/php_qbittirrent/tests/TestCase.php:31
/data/dongasai/qbittorrent_mcp/php_qbittirrent/tests/Unit/Transport/CurlTransportTest.php:29</error>
        </testcase>
        <testcase name="testSetVerifySSL" file="/data/dongasai/qbittorrent_mcp/php_qbittirrent/tests/Unit/Transport/CurlTransportTest.php" line="85" class="PhpQbittorrent\Tests\Unit\Transport\CurlTransportTest" classname="PhpQbittorrent.Tests.Unit.Transport.CurlTransportTest" assertions="1" time="0.000126">
          <error type="TypeError">PhpQbittorrent\Tests\Unit\Transport\CurlTransportTest::testSetVerifySSL
TypeError: Cannot assign null to property PhpQbittorrent\Tests\TestCase::$factory of type Nyholm\Psr7\Factory\Psr17Factory

/data/dongasai/qbittorrent_mcp/php_qbittirrent/tests/TestCase.php:31
/data/dongasai/qbittorrent_mcp/php_qbittirrent/tests/Unit/Transport/CurlTransportTest.php:29</error>
        </testcase>
        <testcase name="testSetSSLCertPath" file="/data/dongasai/qbittorrent_mcp/php_qbittirrent/tests/Unit/Transport/CurlTransportTest.php" line="92" class="PhpQbittorrent\Tests\Unit\Transport\CurlTransportTest" classname="PhpQbittorrent.Tests.Unit.Transport.CurlTransportTest" assertions="1" time="0.000116">
          <error type="TypeError">PhpQbittorrent\Tests\Unit\Transport\CurlTransportTest::testSetSSLCertPath
TypeError: Cannot assign null to property PhpQbittorrent\Tests\TestCase::$factory of type Nyholm\Psr7\Factory\Psr17Factory

/data/dongasai/qbittorrent_mcp/php_qbittirrent/tests/TestCase.php:31
/data/dongasai/qbittorrent_mcp/php_qbittirrent/tests/Unit/Transport/CurlTransportTest.php:29</error>
        </testcase>
        <testcase name="testSetProxy" file="/data/dongasai/qbittorrent_mcp/php_qbittirrent/tests/Unit/Transport/CurlTransportTest.php" line="99" class="PhpQbittorrent\Tests\Unit\Transport\CurlTransportTest" classname="PhpQbittorrent.Tests.Unit.Transport.CurlTransportTest" assertions="1" time="0.000129">
          <error type="TypeError">PhpQbittorrent\Tests\Unit\Transport\CurlTransportTest::testSetProxy
TypeError: Cannot assign null to property PhpQbittorrent\Tests\TestCase::$factory of type Nyholm\Psr7\Factory\Psr17Factory

/data/dongasai/qbittorrent_mcp/php_qbittirrent/tests/TestCase.php:31
/data/dongasai/qbittorrent_mcp/php_qbittirrent/tests/Unit/Transport/CurlTransportTest.php:29</error>
        </testcase>
        <testcase name="testBuildUrlWithFullUrl" file="/data/dongasai/qbittorrent_mcp/php_qbittirrent/tests/Unit/Transport/CurlTransportTest.php" line="107" class="PhpQbittorrent\Tests\Unit\Transport\CurlTransportTest" classname="PhpQbittorrent.Tests.Unit.Transport.CurlTransportTest" assertions="1" time="0.000128">
          <error type="TypeError">PhpQbittorrent\Tests\Unit\Transport\CurlTransportTest::testBuildUrlWithFullUrl
TypeError: Cannot assign null to property PhpQbittorrent\Tests\TestCase::$factory of type Nyholm\Psr7\Factory\Psr17Factory

/data/dongasai/qbittorrent_mcp/php_qbittirrent/tests/TestCase.php:31
/data/dongasai/qbittorrent_mcp/php_qbittirrent/tests/Unit/Transport/CurlTransportTest.php:29</error>
        </testcase>
        <testcase name="testBuildUrlWithRelativePath" file="/data/dongasai/qbittorrent_mcp/php_qbittirrent/tests/Unit/Transport/CurlTransportTest.php" line="121" class="PhpQbittorrent\Tests\Unit\Transport\CurlTransportTest" classname="PhpQbittorrent.Tests.Unit.Transport.CurlTransportTest" assertions="1" time="0.000125">
          <error type="TypeError">PhpQbittorrent\Tests\Unit\Transport\CurlTransportTest::testBuildUrlWithRelativePath
TypeError: Cannot assign null to property PhpQbittorrent\Tests\TestCase::$factory of type Nyholm\Psr7\Factory\Psr17Factory

/data/dongasai/qbittorrent_mcp/php_qbittirrent/tests/TestCase.php:31
/data/dongasai/qbittorrent_mcp/php_qbittirrent/tests/Unit/Transport/CurlTransportTest.php:29</error>
        </testcase>
        <testcase name="testBuildUrlWithLeadingSlash" file="/data/dongasai/qbittorrent_mcp/php_qbittirrent/tests/Unit/Transport/CurlTransportTest.php" line="135" class="PhpQbittorrent\Tests\Unit\Transport\CurlTransportTest" classname="PhpQbittorrent.Tests.Unit.Transport.CurlTransportTest" assertions="1" time="0.000124">
          <error type="TypeError">PhpQbittorrent\Tests\Unit\Transport\CurlTransportTest::testBuildUrlWithLeadingSlash
TypeError: Cannot assign null to property PhpQbittorrent\Tests\TestCase::$factory of type Nyholm\Psr7\Factory\Psr17Factory

/data/dongasai/qbittorrent_mcp/php_qbittirrent/tests/TestCase.php:31
/data/dongasai/qbittorrent_mcp/php_qbittirrent/tests/Unit/Transport/CurlTransportTest.php:29</error>
        </testcase>
        <testcase name="testBuildUrlWithoutBaseUrl" file="/data/dongasai/qbittorrent_mcp/php_qbittirrent/tests/Unit/Transport/CurlTransportTest.php" line="149" class="PhpQbittorrent\Tests\Unit\Transport\CurlTransportTest" classname="PhpQbittorrent.Tests.Unit.Transport.CurlTransportTest" assertions="2" time="0.000616">
          <error type="TypeError">PhpQbittorrent\Tests\Unit\Transport\CurlTransportTest::testBuildUrlWithoutBaseUrl
TypeError: Cannot assign null to property PhpQbittorrent\Tests\TestCase::$factory of type Nyholm\Psr7\Factory\Psr17Factory

/data/dongasai/qbittorrent_mcp/php_qbittirrent/tests/TestCase.php:31
/data/dongasai/qbittorrent_mcp/php_qbittirrent/tests/Unit/Transport/CurlTransportTest.php:29</error>
        </testcase>
        <testcase name="testClose" file="/data/dongasai/qbittorrent_mcp/php_qbittirrent/tests/Unit/Transport/CurlTransportTest.php" line="161" class="PhpQbittorrent\Tests\Unit\Transport\CurlTransportTest" classname="PhpQbittorrent.Tests.Unit.Transport.CurlTransportTest" assertions="1" time="0.000135">
          <error type="TypeError">PhpQbittorrent\Tests\Unit\Transport\CurlTransportTest::testClose
TypeError: Cannot assign null to property PhpQbittorrent\Tests\TestCase::$factory of type Nyholm\Psr7\Factory\Psr17Factory

/data/dongasai/qbittorrent_mcp/php_qbittirrent/tests/TestCase.php:31
/data/dongasai/qbittorrent_mcp/php_qbittirrent/tests/Unit/Transport/CurlTransportTest.php:29</error>
        </testcase>
        <testcase name="testCreateNetworkExceptionForSSLError" file="/data/dongasai/qbittorrent_mcp/php_qbittirrent/tests/Unit/Transport/CurlTransportTest.php" line="186" class="PhpQbittorrent\Tests\Unit\Transport\CurlTransportTest" classname="PhpQbittorrent.Tests.Unit.Transport.CurlTransportTest" assertions="2" time="0.000373">
          <error type="TypeError">PhpQbittorrent\Tests\Unit\Transport\CurlTransportTest::testCreateNetworkExceptionForSSLError
TypeError: Cannot assign null to property PhpQbittorrent\Tests\TestCase::$factory of type Nyholm\Psr7\Factory\Psr17Factory

/data/dongasai/qbittorrent_mcp/php_qbittirrent/tests/TestCase.php:31
/data/dongasai/qbittorrent_mcp/php_qbittirrent/tests/Unit/Transport/CurlTransportTest.php:29</error>
        </testcase>
        <testcase name="testCreateNetworkExceptionForDNSFailure" file="/data/dongasai/qbittorrent_mcp/php_qbittirrent/tests/Unit/Transport/CurlTransportTest.php" line="204" class="PhpQbittorrent\Tests\Unit\Transport\CurlTransportTest" classname="PhpQbittorrent.Tests.Unit.Transport.CurlTransportTest" assertions="1" time="0.000141">
          <error type="Error">PhpQbittorrent\Tests\Unit\Transport\CurlTransportTest::testCreateNetworkExceptionForDNSFailure
Error: Call to undefined method PhpQbittorrent\Tests\Unit\Transport\CurlTransportTest::assertStringContains()

/data/dongasai/qbittorrent_mcp/php_qbittirrent/tests/Unit/Transport/CurlTransportTest.php:219</error>
        </testcase>
        <testcase name="testParseValidJsonResponse" file="/data/dongasai/qbittorrent_mcp/php_qbittirrent/tests/Unit/Transport/CurlTransportTest.php" line="235" class="PhpQbittorrent\Tests\Unit\Transport\CurlTransportTest" classname="PhpQbittorrent.Tests.Unit.Transport.CurlTransportTest" assertions="1" time="0.004417">
          <error type="TypeError">PhpQbittorrent\Tests\Unit\Transport\CurlTransportTest::testParseValidJsonResponse
TypeError: Cannot assign null to property PhpQbittorrent\Tests\TestCase::$factory of type Nyholm\Psr7\Factory\Psr17Factory

/data/dongasai/qbittorrent_mcp/php_qbittirrent/tests/TestCase.php:31
/data/dongasai/qbittorrent_mcp/php_qbittirrent/tests/Unit/Transport/CurlTransportTest.php:29</error>
        </testcase>
        <testcase name="testParseInvalidJsonResponse" file="/data/dongasai/qbittorrent_mcp/php_qbittirrent/tests/Unit/Transport/CurlTransportTest.php" line="248" class="PhpQbittorrent\Tests\Unit\Transport\CurlTransportTest" classname="PhpQbittorrent.Tests.Unit.Transport.CurlTransportTest" assertions="2" time="0.000332">
          <error type="TypeError">PhpQbittorrent\Tests\Unit\Transport\CurlTransportTest::testParseInvalidJsonResponse
TypeError: Cannot assign null to property PhpQbittorrent\Tests\TestCase::$factory of type Nyholm\Psr7\Factory\Psr17Factory

/data/dongasai/qbittorrent_mcp/php_qbittirrent/tests/TestCase.php:31
/data/dongasai/qbittorrent_mcp/php_qbittirrent/tests/Unit/Transport/CurlTransportTest.php:29</error>
        </testcase>
        <testcase name="testParseClientErrorResponse" file="/data/dongasai/qbittorrent_mcp/php_qbittirrent/tests/Unit/Transport/CurlTransportTest.php" line="288" class="PhpQbittorrent\Tests\Unit\Transport\CurlTransportTest" classname="PhpQbittorrent.Tests.Unit.Transport.CurlTransportTest" assertions="2" time="0.000249">
          <error type="TypeError">PhpQbittorrent\Tests\Unit\Transport\CurlTransportTest::testParseClientErrorResponse
TypeError: Cannot assign null to property PhpQbittorrent\Tests\TestCase::$factory of type Nyholm\Psr7\Factory\Psr17Factory

/data/dongasai/qbittorrent_mcp/php_qbittirrent/tests/TestCase.php:31
/data/dongasai/qbittorrent_mcp/php_qbittirrent/tests/Unit/Transport/CurlTransportTest.php:29</error>
        </testcase>
        <testcase name="testBuildMultipartBody" file="/data/dongasai/qbittorrent_mcp/php_qbittirrent/tests/Unit/Transport/CurlTransportTest.php" line="302" class="PhpQbittorrent\Tests\Unit\Transport\CurlTransportTest" classname="PhpQbittorrent.Tests.Unit.Transport.CurlTransportTest" assertions="0" time="0.000124">
          <error type="Error">PhpQbittorrent\Tests\Unit\Transport\CurlTransportTest::testBuildMultipartBody
Error: Call to undefined method PhpQbittorrent\Tests\Unit\Transport\CurlTransportTest::assertStringContains()

/data/dongasai/qbittorrent_mcp/php_qbittirrent/tests/Unit/Transport/CurlTransportTest.php:323</error>
        </testcase>
        <testcase name="testParseEmptyResponse" file="/data/dongasai/qbittorrent_mcp/php_qbittirrent/tests/Unit/Transport/CurlTransportTest.php" line="222" class="PhpQbittorrent\Tests\Unit\Transport\CurlTransportTest" classname="PhpQbittorrent.Tests.Unit.Transport.CurlTransportTest" assertions="2" time="0.000390">
          <error type="TypeError">PhpQbittorrent\Tests\Unit\Transport\CurlTransportTest::testParseEmptyResponse
TypeError: Cannot assign null to property PhpQbittorrent\Tests\TestCase::$factory of type Nyholm\Psr7\Factory\Psr17Factory

/data/dongasai/qbittorrent_mcp/php_qbittirrent/tests/TestCase.php:31
/data/dongasai/qbittorrent_mcp/php_qbittirrent/tests/Unit/Transport/CurlTransportTest.php:29</error>
        </testcase>
        <testcase name="testRealPostRequest" file="/data/dongasai/qbittorrent_mcp/php_qbittirrent/tests/Unit/Transport/CurlTransportTest.php" line="358" class="PhpQbittorrent\Tests\Unit\Transport\CurlTransportTest" classname="PhpQbittorrent.Tests.Unit.Transport.CurlTransportTest" assertions="3" time="0.969484">
          <error type="TypeError">PhpQbittorrent\Tests\Unit\Transport\CurlTransportTest::testRealPostRequest
TypeError: Cannot assign null to property PhpQbittorrent\Tests\TestCase::$factory of type Nyholm\Psr7\Factory\Psr17Factory

/data/dongasai/qbittorrent_mcp/php_qbittirrent/tests/TestCase.php:31
/data/dongasai/qbittorrent_mcp/php_qbittirrent/tests/Unit/Transport/CurlTransportTest.php:29</error>
        </testcase>
        <testcase name="testRealCurlRequest" file="/data/dongasai/qbittorrent_mcp/php_qbittirrent/tests/Unit/Transport/CurlTransportTest.php" line="333" class="PhpQbittorrent\Tests\Unit\Transport\CurlTransportTest" classname="PhpQbittorrent.Tests.Unit.Transport.CurlTransportTest" assertions="4" time="0.962050">
          <error type="TypeError">PhpQbittorrent\Tests\Unit\Transport\CurlTransportTest::testRealCurlRequest
TypeError: Cannot assign null to property PhpQbittorrent\Tests\TestCase::$factory of type Nyholm\Psr7\Factory\Psr17Factory

/data/dongasai/qbittorrent_mcp/php_qbittirrent/tests/TestCase.php:31
/data/dongasai/qbittorrent_mcp/php_qbittirrent/tests/Unit/Transport/CurlTransportTest.php:29</error>
        </testcase>
        <testcase name="testCreateNetworkExceptionForTimeout" file="/data/dongasai/qbittorrent_mcp/php_qbittirrent/tests/Unit/Transport/CurlTransportTest.php" line="168" class="PhpQbittorrent\Tests\Unit\Transport\CurlTransportTest" classname="PhpQbittorrent.Tests.Unit.Transport.CurlTransportTest" assertions="2" time="0.000546">
          <failure type="PHPUnit\Framework\ExpectationFailedException">PhpQbittorrent\Tests\Unit\Transport\CurlTransportTest::testCreateNetworkExceptionForTimeout
Failed asserting that false is true.

/data/dongasai/qbittorrent_mcp/php_qbittirrent/tests/Unit/Transport/CurlTransportTest.php:183</failure>
        </testcase>
        <testcase name="testParseAuthenticationErrorResponse" file="/data/dongasai/qbittorrent_mcp/php_qbittirrent/tests/Unit/Transport/CurlTransportTest.php" line="262" class="PhpQbittorrent\Tests\Unit\Transport\CurlTransportTest" classname="PhpQbittorrent.Tests.Unit.Transport.CurlTransportTest" assertions="1" time="0.000954">
          <error type="TypeError">PhpQbittorrent\Tests\Unit\Transport\CurlTransportTest::testParseAuthenticationErrorResponse
TypeError: Cannot assign null to property PhpQbittorrent\Tests\TestCase::$factory of type Nyholm\Psr7\Factory\Psr17Factory

/data/dongasai/qbittorrent_mcp/php_qbittirrent/tests/TestCase.php:31
/data/dongasai/qbittorrent_mcp/php_qbittirrent/tests/Unit/Transport/CurlTransportTest.php:29</error>
        </testcase>
        <testcase name="testParseForbiddenResponse" file="/data/dongasai/qbittorrent_mcp/php_qbittirrent/tests/Unit/Transport/CurlTransportTest.php" line="275" class="PhpQbittorrent\Tests\Unit\Transport\CurlTransportTest" classname="PhpQbittorrent.Tests.Unit.Transport.CurlTransportTest" assertions="1" time="0.000363">
          <error type="TypeError">PhpQbittorrent\Tests\Unit\Transport\CurlTransportTest::testParseForbiddenResponse
TypeError: Cannot assign null to property PhpQbittorrent\Tests\TestCase::$factory of type Nyholm\Psr7\Factory\Psr17Factory

/data/dongasai/qbittorrent_mcp/php_qbittirrent/tests/TestCase.php:31
/data/dongasai/qbittorrent_mcp/php_qbittirrent/tests/Unit/Transport/CurlTransportTest.php:29</error>
        </testcase>
      </testsuite>
      <testsuite name="Tests\Unit\Auth\LoginRequestTest" file="/data/dongasai/qbittorrent_mcp/php_qbittirrent/tests/Unit/Auth/LoginRequestTest.php" tests="16" assertions="27" errors="2" failures="6" skipped="0" time="0.003844">
        <testcase name="testCreateValidLoginRequestWithBuilder" file="/data/dongasai/qbittorrent_mcp/php_qbittirrent/tests/Unit/Auth/LoginRequestTest.php" line="18" class="Tests\Unit\Auth\LoginRequestTest" classname="Tests.Unit.Auth.LoginRequestTest" assertions="0" time="0.000683">
          <error type="Error">Tests\Unit\Auth\LoginRequestTest::testCreateValidLoginRequestWithBuilder
Error: Call to private PhpQbittorrent\Request\Auth\LoginRequest::__construct() from scope PhpQbittorrent\Request\Auth\LoginRequestBuilder

/data/dongasai/qbittorrent_mcp/php_qbittirrent/src/Request/Auth/LoginRequest.php:289
/data/dongasai/qbittorrent_mcp/php_qbittirrent/tests/Unit/Auth/LoginRequestTest.php:23</error>
        </testcase>
        <testcase name="testCreateValidLoginRequestDirectly" file="/data/dongasai/qbittorrent_mcp/php_qbittirrent/tests/Unit/Auth/LoginRequestTest.php" line="35" class="Tests\Unit\Auth\LoginRequestTest" classname="Tests.Unit.Auth.LoginRequestTest" assertions="2" time="0.000784"/>
        <testcase name="testSetOrigin" file="/data/dongasai/qbittorrent_mcp/php_qbittirrent/tests/Unit/Auth/LoginRequestTest.php" line="46" class="Tests\Unit\Auth\LoginRequestTest" classname="Tests.Unit.Auth.LoginRequestTest" assertions="0" time="0.000130">
          <error type="Error">Tests\Unit\Auth\LoginRequestTest::testSetOrigin
Error: Call to private PhpQbittorrent\Request\Auth\LoginRequest::__construct() from scope PhpQbittorrent\Request\Auth\LoginRequestBuilder

/data/dongasai/qbittorrent_mcp/php_qbittirrent/src/Request/Auth/LoginRequest.php:289
/data/dongasai/qbittorrent_mcp/php_qbittirrent/tests/Unit/Auth/LoginRequestTest.php:52</error>
        </testcase>
        <testcase name="testEmptyUsernameValidation" file="/data/dongasai/qbittorrent_mcp/php_qbittirrent/tests/Unit/Auth/LoginRequestTest.php" line="66" class="Tests\Unit\Auth\LoginRequestTest" classname="Tests.Unit.Auth.LoginRequestTest" assertions="1" time="0.000352">
          <failure type="PHPUnit\Framework\ExpectationFailedException">Tests\Unit\Auth\LoginRequestTest::testEmptyUsernameValidation
Failed asserting that exception of type "Error" matches expected exception "PhpQbittorrent\Exception\ValidationException". Message was: "Call to undefined method PhpQbittorrent\Exception\ValidationException::fromValidationResult()" at
/data/dongasai/qbittorrent_mcp/php_qbittirrent/src/Request/Auth/LoginRequest.php:78
/data/dongasai/qbittorrent_mcp/php_qbittirrent/tests/Unit/Auth/LoginRequestTest.php:69
.</failure>
        </testcase>
        <testcase name="testEmptyPasswordValidation" file="/data/dongasai/qbittorrent_mcp/php_qbittirrent/tests/Unit/Auth/LoginRequestTest.php" line="75" class="Tests\Unit\Auth\LoginRequestTest" classname="Tests.Unit.Auth.LoginRequestTest" assertions="1" time="0.000131">
          <failure type="PHPUnit\Framework\ExpectationFailedException">Tests\Unit\Auth\LoginRequestTest::testEmptyPasswordValidation
Failed asserting that exception of type "Error" matches expected exception "PhpQbittorrent\Exception\ValidationException". Message was: "Call to undefined method PhpQbittorrent\Exception\ValidationException::fromValidationResult()" at
/data/dongasai/qbittorrent_mcp/php_qbittirrent/src/Request/Auth/LoginRequest.php:78
/data/dongasai/qbittorrent_mcp/php_qbittirrent/tests/Unit/Auth/LoginRequestTest.php:78
.</failure>
        </testcase>
        <testcase name="testUsernameTooLongValidation" file="/data/dongasai/qbittorrent_mcp/php_qbittirrent/tests/Unit/Auth/LoginRequestTest.php" line="84" class="Tests\Unit\Auth\LoginRequestTest" classname="Tests.Unit.Auth.LoginRequestTest" assertions="1" time="0.000144">
          <failure type="PHPUnit\Framework\ExpectationFailedException">Tests\Unit\Auth\LoginRequestTest::testUsernameTooLongValidation
Failed asserting that exception of type "Error" matches expected exception "PhpQbittorrent\Exception\ValidationException". Message was: "Call to undefined method PhpQbittorrent\Exception\ValidationException::fromValidationResult()" at
/data/dongasai/qbittorrent_mcp/php_qbittirrent/src/Request/Auth/LoginRequest.php:78
/data/dongasai/qbittorrent_mcp/php_qbittirrent/tests/Unit/Auth/LoginRequestTest.php:88
.</failure>
        </testcase>
        <testcase name="testPasswordTooLongValidation" file="/data/dongasai/qbittorrent_mcp/php_qbittirrent/tests/Unit/Auth/LoginRequestTest.php" line="94" class="Tests\Unit\Auth\LoginRequestTest" classname="Tests.Unit.Auth.LoginRequestTest" assertions="1" time="0.000107">
          <failure type="PHPUnit\Framework\ExpectationFailedException">Tests\Unit\Auth\LoginRequestTest::testPasswordTooLongValidation
Failed asserting that exception of type "Error" matches expected exception "PhpQbittorrent\Exception\ValidationException". Message was: "Call to undefined method PhpQbittorrent\Exception\ValidationException::fromValidationResult()" at
/data/dongasai/qbittorrent_mcp/php_qbittirrent/src/Request/Auth/LoginRequest.php:78
/data/dongasai/qbittorrent_mcp/php_qbittirrent/tests/Unit/Auth/LoginRequestTest.php:98
.</failure>
        </testcase>
        <testcase name="testBuilderMissingUsername" file="/data/dongasai/qbittorrent_mcp/php_qbittirrent/tests/Unit/Auth/LoginRequestTest.php" line="104" class="Tests\Unit\Auth\LoginRequestTest" classname="Tests.Unit.Auth.LoginRequestTest" assertions="1" time="0.000097"/>
        <testcase name="testBuilderMissingPassword" file="/data/dongasai/qbittorrent_mcp/php_qbittirrent/tests/Unit/Auth/LoginRequestTest.php" line="115" class="Tests\Unit\Auth\LoginRequestTest" classname="Tests.Unit.Auth.LoginRequestTest" assertions="1" time="0.000076"/>
        <testcase name="testInvalidOriginUrl" file="/data/dongasai/qbittorrent_mcp/php_qbittirrent/tests/Unit/Auth/LoginRequestTest.php" line="126" class="Tests\Unit\Auth\LoginRequestTest" classname="Tests.Unit.Auth.LoginRequestTest" assertions="1" time="0.000120">
          <failure type="PHPUnit\Framework\ExpectationFailedException">Tests\Unit\Auth\LoginRequestTest::testInvalidOriginUrl
Failed asserting that exception of type "Error" matches expected exception "PhpQbittorrent\Exception\ValidationException". Message was: "Call to private PhpQbittorrent\Request\Auth\LoginRequest::__construct() from scope PhpQbittorrent\Request\Auth\LoginRequestBuilder" at
/data/dongasai/qbittorrent_mcp/php_qbittirrent/src/Request/Auth/LoginRequest.php:289
/data/dongasai/qbittorrent_mcp/php_qbittirrent/tests/Unit/Auth/LoginRequestTest.php:133
.</failure>
        </testcase>
        <testcase name="testToArray" file="/data/dongasai/qbittorrent_mcp/php_qbittirrent/tests/Unit/Auth/LoginRequestTest.php" line="139" class="Tests\Unit\Auth\LoginRequestTest" classname="Tests.Unit.Auth.LoginRequestTest" assertions="3" time="0.000108"/>
        <testcase name="testGetSummary" file="/data/dongasai/qbittorrent_mcp/php_qbittirrent/tests/Unit/Auth/LoginRequestTest.php" line="152" class="Tests\Unit\Auth\LoginRequestTest" classname="Tests.Unit.Auth.LoginRequestTest" assertions="6" time="0.000158"/>
        <testcase name="testUsernameWithUnsafeCharacters" file="/data/dongasai/qbittorrent_mcp/php_qbittirrent/tests/Unit/Auth/LoginRequestTest.php" line="168" class="Tests\Unit\Auth\LoginRequestTest" classname="Tests.Unit.Auth.LoginRequestTest" assertions="2" time="0.000499"/>
        <testcase name="testRequestIdGeneration" file="/data/dongasai/qbittorrent_mcp/php_qbittirrent/tests/Unit/Auth/LoginRequestTest.php" line="181" class="Tests\Unit\Auth\LoginRequestTest" classname="Tests.Unit.Auth.LoginRequestTest" assertions="2" time="0.000211"/>
        <testcase name="testDefaultHeaders" file="/data/dongasai/qbittorrent_mcp/php_qbittirrent/tests/Unit/Auth/LoginRequestTest.php" line="196" class="Tests\Unit\Auth\LoginRequestTest" classname="Tests.Unit.Auth.LoginRequestTest" assertions="2" time="0.000099"/>
        <testcase name="testUtf8EncodingValidation" file="/data/dongasai/qbittorrent_mcp/php_qbittirrent/tests/Unit/Auth/LoginRequestTest.php" line="208" class="Tests\Unit\Auth\LoginRequestTest" classname="Tests.Unit.Auth.LoginRequestTest" assertions="3" time="0.000146">
          <failure type="PHPUnit\Framework\ExpectationFailedException">Tests\Unit\Auth\LoginRequestTest::testUtf8EncodingValidation
Failed asserting that exception of type "Error" matches expected exception "PhpQbittorrent\Exception\ValidationException". Message was: "Call to undefined method PhpQbittorrent\Exception\ValidationException::fromValidationResult()" at
/data/dongasai/qbittorrent_mcp/php_qbittirrent/src/Request/Auth/LoginRequest.php:78
/data/dongasai/qbittorrent_mcp/php_qbittirrent/tests/Unit/Auth/LoginRequestTest.php:218
.</failure>
        </testcase>
      </testsuite>
      <testsuite name="Tests\Unit\Auth\LoginResponseTest" file="/data/dongasai/qbittorrent_mcp/php_qbittirrent/tests/Unit/Auth/LoginResponseTest.php" tests="13" assertions="6" errors="10" failures="1" skipped="0" time="0.002758">
        <testcase name="testCreateSuccessResponse" file="/data/dongasai/qbittorrent_mcp/php_qbittirrent/tests/Unit/Auth/LoginResponseTest.php" line="17" class="Tests\Unit\Auth\LoginResponseTest" classname="Tests.Unit.Auth.LoginResponseTest" assertions="0" time="0.000571">
          <error type="TypeError">Tests\Unit\Auth\LoginResponseTest::testCreateSuccessResponse
TypeError: PhpQbittorrent\Response\Auth\LoginResponse::success(): Argument #1 ($data) must be of type array, string given, called in /data/dongasai/qbittorrent_mcp/php_qbittirrent/tests/Unit/Auth/LoginResponseTest.php on line 26

/data/dongasai/qbittorrent_mcp/php_qbittirrent/src/Response/Auth/LoginResponse.php:42
/data/dongasai/qbittorrent_mcp/php_qbittirrent/tests/Unit/Auth/LoginResponseTest.php:26</error>
        </testcase>
        <testcase name="testCreateFailureResponse" file="/data/dongasai/qbittorrent_mcp/php_qbittirrent/tests/Unit/Auth/LoginResponseTest.php" line="44" class="Tests\Unit\Auth\LoginResponseTest" classname="Tests.Unit.Auth.LoginResponseTest" assertions="4" time="0.000866">
          <failure type="PHPUnit\Framework\ExpectationFailedException">Tests\Unit\Auth\LoginResponseTest::testCreateFailureResponse
Failed asserting that two arrays are equal.
--- Expected
+++ Actual
@@ @@
 Array (
     0 =&gt; ''
+    1 =&gt; ''
 )

/data/dongasai/qbittorrent_mcp/php_qbittirrent/tests/Unit/Auth/LoginResponseTest.php:52</failure>
        </testcase>
        <testcase name="testCreateFromArray" file="/data/dongasai/qbittorrent_mcp/php_qbittirrent/tests/Unit/Auth/LoginResponseTest.php" line="59" class="Tests\Unit\Auth\LoginResponseTest" classname="Tests.Unit.Auth.LoginResponseTest" assertions="0" time="0.000153">
          <error type="TypeError">Tests\Unit\Auth\LoginResponseTest::testCreateFromArray
TypeError: PhpQbittorrent\Response\Auth\LoginResponse::success(): Argument #1 ($data) must be of type array, null given, called in /data/dongasai/qbittorrent_mcp/php_qbittirrent/src/Response/Auth/LoginResponse.php on line 108

/data/dongasai/qbittorrent_mcp/php_qbittirrent/src/Response/Auth/LoginResponse.php:42
/data/dongasai/qbittorrent_mcp/php_qbittirrent/src/Response/Auth/LoginResponse.php:108
/data/dongasai/qbittorrent_mcp/php_qbittirrent/tests/Unit/Auth/LoginResponseTest.php:70</error>
        </testcase>
        <testcase name="testSessionExpiration" file="/data/dongasai/qbittorrent_mcp/php_qbittirrent/tests/Unit/Auth/LoginResponseTest.php" line="81" class="Tests\Unit\Auth\LoginResponseTest" classname="Tests.Unit.Auth.LoginResponseTest" assertions="0" time="0.000126">
          <error type="TypeError">Tests\Unit\Auth\LoginResponseTest::testSessionExpiration
TypeError: PhpQbittorrent\Response\Auth\LoginResponse::success(): Argument #1 ($data) must be of type array, string given, called in /data/dongasai/qbittorrent_mcp/php_qbittirrent/tests/Unit/Auth/LoginResponseTest.php on line 87

/data/dongasai/qbittorrent_mcp/php_qbittirrent/src/Response/Auth/LoginResponse.php:42
/data/dongasai/qbittorrent_mcp/php_qbittirrent/tests/Unit/Auth/LoginResponseTest.php:87</error>
        </testcase>
        <testcase name="testFirstLogin" file="/data/dongasai/qbittorrent_mcp/php_qbittirrent/tests/Unit/Auth/LoginResponseTest.php" line="104" class="Tests\Unit\Auth\LoginResponseTest" classname="Tests.Unit.Auth.LoginResponseTest" assertions="0" time="0.000133">
          <error type="TypeError">Tests\Unit\Auth\LoginResponseTest::testFirstLogin
TypeError: PhpQbittorrent\Response\Auth\LoginResponse::success(): Argument #1 ($data) must be of type array, string given, called in /data/dongasai/qbittorrent_mcp/php_qbittirrent/tests/Unit/Auth/LoginResponseTest.php on line 107

/data/dongasai/qbittorrent_mcp/php_qbittirrent/src/Response/Auth/LoginResponse.php:42
/data/dongasai/qbittorrent_mcp/php_qbittirrent/tests/Unit/Auth/LoginResponseTest.php:107</error>
        </testcase>
        <testcase name="testGetAuthCookie" file="/data/dongasai/qbittorrent_mcp/php_qbittirrent/tests/Unit/Auth/LoginResponseTest.php" line="122" class="Tests\Unit\Auth\LoginResponseTest" classname="Tests.Unit.Auth.LoginResponseTest" assertions="0" time="0.000103">
          <error type="TypeError">Tests\Unit\Auth\LoginResponseTest::testGetAuthCookie
TypeError: PhpQbittorrent\Response\Auth\LoginResponse::success(): Argument #1 ($data) must be of type array, string given, called in /data/dongasai/qbittorrent_mcp/php_qbittirrent/tests/Unit/Auth/LoginResponseTest.php on line 125

/data/dongasai/qbittorrent_mcp/php_qbittirrent/src/Response/Auth/LoginResponse.php:42
/data/dongasai/qbittorrent_mcp/php_qbittirrent/tests/Unit/Auth/LoginResponseTest.php:125</error>
        </testcase>
        <testcase name="testGetAuthHeaders" file="/data/dongasai/qbittorrent_mcp/php_qbittirrent/tests/Unit/Auth/LoginResponseTest.php" line="137" class="Tests\Unit\Auth\LoginResponseTest" classname="Tests.Unit.Auth.LoginResponseTest" assertions="0" time="0.000103">
          <error type="TypeError">Tests\Unit\Auth\LoginResponseTest::testGetAuthHeaders
TypeError: PhpQbittorrent\Response\Auth\LoginResponse::success(): Argument #1 ($data) must be of type array, string given, called in /data/dongasai/qbittorrent_mcp/php_qbittirrent/tests/Unit/Auth/LoginResponseTest.php on line 140

/data/dongasai/qbittorrent_mcp/php_qbittirrent/src/Response/Auth/LoginResponse.php:42
/data/dongasai/qbittorrent_mcp/php_qbittirrent/tests/Unit/Auth/LoginResponseTest.php:140</error>
        </testcase>
        <testcase name="testAdditionalData" file="/data/dongasai/qbittorrent_mcp/php_qbittirrent/tests/Unit/Auth/LoginResponseTest.php" line="155" class="Tests\Unit\Auth\LoginResponseTest" classname="Tests.Unit.Auth.LoginResponseTest" assertions="0" time="0.000101">
          <error type="TypeError">Tests\Unit\Auth\LoginResponseTest::testAdditionalData
TypeError: PhpQbittorrent\Response\Auth\LoginResponse::success(): Argument #1 ($data) must be of type array, string given, called in /data/dongasai/qbittorrent_mcp/php_qbittirrent/tests/Unit/Auth/LoginResponseTest.php on line 157

/data/dongasai/qbittorrent_mcp/php_qbittirrent/src/Response/Auth/LoginResponse.php:42
/data/dongasai/qbittorrent_mcp/php_qbittirrent/tests/Unit/Auth/LoginResponseTest.php:157</error>
        </testcase>
        <testcase name="testToArray" file="/data/dongasai/qbittorrent_mcp/php_qbittirrent/tests/Unit/Auth/LoginResponseTest.php" line="177" class="Tests\Unit\Auth\LoginResponseTest" classname="Tests.Unit.Auth.LoginResponseTest" assertions="0" time="0.000077">
          <error type="TypeError">Tests\Unit\Auth\LoginResponseTest::testToArray
TypeError: PhpQbittorrent\Response\Auth\LoginResponse::success(): Argument #1 ($data) must be of type array, string given, called in /data/dongasai/qbittorrent_mcp/php_qbittirrent/tests/Unit/Auth/LoginResponseTest.php on line 181

/data/dongasai/qbittorrent_mcp/php_qbittirrent/src/Response/Auth/LoginResponse.php:42
/data/dongasai/qbittorrent_mcp/php_qbittirrent/tests/Unit/Auth/LoginResponseTest.php:181</error>
        </testcase>
        <testcase name="testGetSummary" file="/data/dongasai/qbittorrent_mcp/php_qbittirrent/tests/Unit/Auth/LoginResponseTest.php" line="195" class="Tests\Unit\Auth\LoginResponseTest" classname="Tests.Unit.Auth.LoginResponseTest" assertions="0" time="0.000074">
          <error type="TypeError">Tests\Unit\Auth\LoginResponseTest::testGetSummary
TypeError: PhpQbittorrent\Response\Auth\LoginResponse::success(): Argument #1 ($data) must be of type array, string given, called in /data/dongasai/qbittorrent_mcp/php_qbittirrent/tests/Unit/Auth/LoginResponseTest.php on line 198

/data/dongasai/qbittorrent_mcp/php_qbittirrent/src/Response/Auth/LoginResponse.php:42
/data/dongasai/qbittorrent_mcp/php_qbittirrent/tests/Unit/Auth/LoginResponseTest.php:198</error>
        </testcase>
        <testcase name="testResponseValidation" file="/data/dongasai/qbittorrent_mcp/php_qbittirrent/tests/Unit/Auth/LoginResponseTest.php" line="213" class="Tests\Unit\Auth\LoginResponseTest" classname="Tests.Unit.Auth.LoginResponseTest" assertions="0" time="0.000095">
          <error type="TypeError">Tests\Unit\Auth\LoginResponseTest::testResponseValidation
TypeError: PhpQbittorrent\Response\Auth\LoginResponse::success(): Argument #1 ($data) must be of type array, string given, called in /data/dongasai/qbittorrent_mcp/php_qbittirrent/tests/Unit/Auth/LoginResponseTest.php on line 216

/data/dongasai/qbittorrent_mcp/php_qbittirrent/src/Response/Auth/LoginResponse.php:42
/data/dongasai/qbittorrent_mcp/php_qbittirrent/tests/Unit/Auth/LoginResponseTest.php:216</error>
        </testcase>
        <testcase name="test403StatusCodeHandling" file="/data/dongasai/qbittorrent_mcp/php_qbittirrent/tests/Unit/Auth/LoginResponseTest.php" line="237" class="Tests\Unit\Auth\LoginResponseTest" classname="Tests.Unit.Auth.LoginResponseTest" assertions="1" time="0.000283"/>
        <testcase name="test401StatusCodeHandling" file="/data/dongasai/qbittorrent_mcp/php_qbittirrent/tests/Unit/Auth/LoginResponseTest.php" line="248" class="Tests\Unit\Auth\LoginResponseTest" classname="Tests.Unit.Auth.LoginResponseTest" assertions="1" time="0.000075"/>
      </testsuite>
      <testsuite name="PhpQbittorrent\Tests\Unit\Collection\TorrentCollectionTest" file="/data/dongasai/qbittorrent_mcp/php_qbittirrent/tests/Unit/Collection/TorrentCollectionTest.php" tests="20" assertions="8" errors="20" failures="0" skipped="0" time="0.004675">
        <testcase name="testAddTorrent" file="/data/dongasai/qbittorrent_mcp/php_qbittirrent/tests/Unit/Collection/TorrentCollectionTest.php" line="80" class="PhpQbittorrent\Tests\Unit\Collection\TorrentCollectionTest" classname="PhpQbittorrent.Tests.Unit.Collection.TorrentCollectionTest" assertions="0" time="0.001976">
          <error type="TypeError">PhpQbittorrent\Tests\Unit\Collection\TorrentCollectionTest::testAddTorrent
TypeError: Cannot assign float to property PhpQbittorrent\Model\TorrentInfo::$ratioLimit of type int

/data/dongasai/qbittorrent_mcp/php_qbittirrent/src/Model/TorrentInfo.php:102
/data/dongasai/qbittorrent_mcp/php_qbittirrent/tests/Unit/Collection/TorrentCollectionTest.php:22
/data/dongasai/qbittorrent_mcp/php_qbittirrent/tests/Unit/Collection/TorrentCollectionTest.php:83</error>
        </testcase>
        <testcase name="testFromArray" file="/data/dongasai/qbittorrent_mcp/php_qbittirrent/tests/Unit/Collection/TorrentCollectionTest.php" line="101" class="PhpQbittorrent\Tests\Unit\Collection\TorrentCollectionTest" classname="PhpQbittorrent.Tests.Unit.Collection.TorrentCollectionTest" assertions="0" time="0.000190">
          <error type="TypeError">PhpQbittorrent\Tests\Unit\Collection\TorrentCollectionTest::testFromArray
TypeError: Cannot assign float to property PhpQbittorrent\Model\TorrentInfo::$ratioLimit of type int

/data/dongasai/qbittorrent_mcp/php_qbittirrent/src/Model/TorrentInfo.php:102
/data/dongasai/qbittorrent_mcp/php_qbittirrent/src/Model/TorrentInfo.php:265
/data/dongasai/qbittorrent_mcp/php_qbittirrent/src/Collection/TorrentCollection.php:621
/data/dongasai/qbittorrent_mcp/php_qbittirrent/tests/Unit/Collection/TorrentCollectionTest.php:120</error>
        </testcase>
        <testcase name="testFindByHash" file="/data/dongasai/qbittorrent_mcp/php_qbittirrent/tests/Unit/Collection/TorrentCollectionTest.php" line="130" class="PhpQbittorrent\Tests\Unit\Collection\TorrentCollectionTest" classname="PhpQbittorrent.Tests.Unit.Collection.TorrentCollectionTest" assertions="0" time="0.000130">
          <error type="TypeError">PhpQbittorrent\Tests\Unit\Collection\TorrentCollectionTest::testFindByHash
TypeError: Cannot assign float to property PhpQbittorrent\Model\TorrentInfo::$ratioLimit of type int

/data/dongasai/qbittorrent_mcp/php_qbittirrent/src/Model/TorrentInfo.php:102
/data/dongasai/qbittorrent_mcp/php_qbittirrent/tests/Unit/Collection/TorrentCollectionTest.php:22
/data/dongasai/qbittorrent_mcp/php_qbittirrent/tests/Unit/Collection/TorrentCollectionTest.php:133</error>
        </testcase>
        <testcase name="testFindByName" file="/data/dongasai/qbittorrent_mcp/php_qbittirrent/tests/Unit/Collection/TorrentCollectionTest.php" line="147" class="PhpQbittorrent\Tests\Unit\Collection\TorrentCollectionTest" classname="PhpQbittorrent.Tests.Unit.Collection.TorrentCollectionTest" assertions="0" time="0.000190">
          <error type="TypeError">PhpQbittorrent\Tests\Unit\Collection\TorrentCollectionTest::testFindByName
TypeError: Cannot assign float to property PhpQbittorrent\Model\TorrentInfo::$ratioLimit of type int

/data/dongasai/qbittorrent_mcp/php_qbittirrent/src/Model/TorrentInfo.php:102
/data/dongasai/qbittorrent_mcp/php_qbittirrent/tests/Unit/Collection/TorrentCollectionTest.php:22
/data/dongasai/qbittorrent_mcp/php_qbittirrent/tests/Unit/Collection/TorrentCollectionTest.php:150</error>
        </testcase>
        <testcase name="testFilterByCategory" file="/data/dongasai/qbittorrent_mcp/php_qbittirrent/tests/Unit/Collection/TorrentCollectionTest.php" line="170" class="PhpQbittorrent\Tests\Unit\Collection\TorrentCollectionTest" classname="PhpQbittorrent.Tests.Unit.Collection.TorrentCollectionTest" assertions="0" time="0.000106">
          <error type="TypeError">PhpQbittorrent\Tests\Unit\Collection\TorrentCollectionTest::testFilterByCategory
TypeError: Cannot assign float to property PhpQbittorrent\Model\TorrentInfo::$ratioLimit of type int

/data/dongasai/qbittorrent_mcp/php_qbittirrent/src/Model/TorrentInfo.php:102
/data/dongasai/qbittorrent_mcp/php_qbittirrent/tests/Unit/Collection/TorrentCollectionTest.php:22
/data/dongasai/qbittorrent_mcp/php_qbittirrent/tests/Unit/Collection/TorrentCollectionTest.php:173</error>
        </testcase>
        <testcase name="testFilterByTag" file="/data/dongasai/qbittorrent_mcp/php_qbittirrent/tests/Unit/Collection/TorrentCollectionTest.php" line="190" class="PhpQbittorrent\Tests\Unit\Collection\TorrentCollectionTest" classname="PhpQbittorrent.Tests.Unit.Collection.TorrentCollectionTest" assertions="0" time="0.000101">
          <error type="TypeError">PhpQbittorrent\Tests\Unit\Collection\TorrentCollectionTest::testFilterByTag
TypeError: Cannot assign float to property PhpQbittorrent\Model\TorrentInfo::$ratioLimit of type int

/data/dongasai/qbittorrent_mcp/php_qbittirrent/src/Model/TorrentInfo.php:102
/data/dongasai/qbittorrent_mcp/php_qbittirrent/tests/Unit/Collection/TorrentCollectionTest.php:22
/data/dongasai/qbittorrent_mcp/php_qbittirrent/tests/Unit/Collection/TorrentCollectionTest.php:193</error>
        </testcase>
        <testcase name="testFilterByState" file="/data/dongasai/qbittorrent_mcp/php_qbittirrent/tests/Unit/Collection/TorrentCollectionTest.php" line="215" class="PhpQbittorrent\Tests\Unit\Collection\TorrentCollectionTest" classname="PhpQbittorrent.Tests.Unit.Collection.TorrentCollectionTest" assertions="0" time="0.000111">
          <error type="TypeError">PhpQbittorrent\Tests\Unit\Collection\TorrentCollectionTest::testFilterByState
TypeError: Cannot assign float to property PhpQbittorrent\Model\TorrentInfo::$ratioLimit of type int

/data/dongasai/qbittorrent_mcp/php_qbittirrent/src/Model/TorrentInfo.php:102
/data/dongasai/qbittorrent_mcp/php_qbittirrent/tests/Unit/Collection/TorrentCollectionTest.php:22
/data/dongasai/qbittorrent_mcp/php_qbittirrent/tests/Unit/Collection/TorrentCollectionTest.php:218</error>
        </testcase>
        <testcase name="testFilterByProgress" file="/data/dongasai/qbittorrent_mcp/php_qbittirrent/tests/Unit/Collection/TorrentCollectionTest.php" line="235" class="PhpQbittorrent\Tests\Unit\Collection\TorrentCollectionTest" classname="PhpQbittorrent.Tests.Unit.Collection.TorrentCollectionTest" assertions="0" time="0.000109">
          <error type="TypeError">PhpQbittorrent\Tests\Unit\Collection\TorrentCollectionTest::testFilterByProgress
TypeError: Cannot assign float to property PhpQbittorrent\Model\TorrentInfo::$ratioLimit of type int

/data/dongasai/qbittorrent_mcp/php_qbittirrent/src/Model/TorrentInfo.php:102
/data/dongasai/qbittorrent_mcp/php_qbittirrent/tests/Unit/Collection/TorrentCollectionTest.php:22
/data/dongasai/qbittorrent_mcp/php_qbittirrent/tests/Unit/Collection/TorrentCollectionTest.php:238</error>
        </testcase>
        <testcase name="testFilterBySize" file="/data/dongasai/qbittorrent_mcp/php_qbittirrent/tests/Unit/Collection/TorrentCollectionTest.php" line="255" class="PhpQbittorrent\Tests\Unit\Collection\TorrentCollectionTest" classname="PhpQbittorrent.Tests.Unit.Collection.TorrentCollectionTest" assertions="0" time="0.000120">
          <error type="TypeError">PhpQbittorrent\Tests\Unit\Collection\TorrentCollectionTest::testFilterBySize
TypeError: Cannot assign float to property PhpQbittorrent\Model\TorrentInfo::$ratioLimit of type int

/data/dongasai/qbittorrent_mcp/php_qbittirrent/src/Model/TorrentInfo.php:102
/data/dongasai/qbittorrent_mcp/php_qbittirrent/tests/Unit/Collection/TorrentCollectionTest.php:22
/data/dongasai/qbittorrent_mcp/php_qbittirrent/tests/Unit/Collection/TorrentCollectionTest.php:258</error>
        </testcase>
        <testcase name="testFilterBySpeed" file="/data/dongasai/qbittorrent_mcp/php_qbittirrent/tests/Unit/Collection/TorrentCollectionTest.php" line="271" class="PhpQbittorrent\Tests\Unit\Collection\TorrentCollectionTest" classname="PhpQbittorrent.Tests.Unit.Collection.TorrentCollectionTest" assertions="0" time="0.000104">
          <error type="TypeError">PhpQbittorrent\Tests\Unit\Collection\TorrentCollectionTest::testFilterBySpeed
TypeError: Cannot assign float to property PhpQbittorrent\Model\TorrentInfo::$ratioLimit of type int

/data/dongasai/qbittorrent_mcp/php_qbittirrent/src/Model/TorrentInfo.php:102
/data/dongasai/qbittorrent_mcp/php_qbittirrent/tests/Unit/Collection/TorrentCollectionTest.php:22
/data/dongasai/qbittorrent_mcp/php_qbittirrent/tests/Unit/Collection/TorrentCollectionTest.php:274</error>
        </testcase>
        <testcase name="testFilterByPriority" file="/data/dongasai/qbittorrent_mcp/php_qbittirrent/tests/Unit/Collection/TorrentCollectionTest.php" line="287" class="PhpQbittorrent\Tests\Unit\Collection\TorrentCollectionTest" classname="PhpQbittorrent.Tests.Unit.Collection.TorrentCollectionTest" assertions="0" time="0.000116">
          <error type="TypeError">PhpQbittorrent\Tests\Unit\Collection\TorrentCollectionTest::testFilterByPriority
TypeError: Cannot assign float to property PhpQbittorrent\Model\TorrentInfo::$ratioLimit of type int

/data/dongasai/qbittorrent_mcp/php_qbittirrent/src/Model/TorrentInfo.php:102
/data/dongasai/qbittorrent_mcp/php_qbittirrent/tests/Unit/Collection/TorrentCollectionTest.php:22
/data/dongasai/qbittorrent_mcp/php_qbittirrent/tests/Unit/Collection/TorrentCollectionTest.php:290</error>
        </testcase>
        <testcase name="testFilterByAddedTime" file="/data/dongasai/qbittorrent_mcp/php_qbittirrent/tests/Unit/Collection/TorrentCollectionTest.php" line="303" class="PhpQbittorrent\Tests\Unit\Collection\TorrentCollectionTest" classname="PhpQbittorrent.Tests.Unit.Collection.TorrentCollectionTest" assertions="0" time="0.000105">
          <error type="TypeError">PhpQbittorrent\Tests\Unit\Collection\TorrentCollectionTest::testFilterByAddedTime
TypeError: Cannot assign float to property PhpQbittorrent\Model\TorrentInfo::$ratioLimit of type int

/data/dongasai/qbittorrent_mcp/php_qbittirrent/src/Model/TorrentInfo.php:102
/data/dongasai/qbittorrent_mcp/php_qbittirrent/tests/Unit/Collection/TorrentCollectionTest.php:22
/data/dongasai/qbittorrent_mcp/php_qbittirrent/tests/Unit/Collection/TorrentCollectionTest.php:306</error>
        </testcase>
        <testcase name="testSorting" file="/data/dongasai/qbittorrent_mcp/php_qbittirrent/tests/Unit/Collection/TorrentCollectionTest.php" line="316" class="PhpQbittorrent\Tests\Unit\Collection\TorrentCollectionTest" classname="PhpQbittorrent.Tests.Unit.Collection.TorrentCollectionTest" assertions="0" time="0.000104">
          <error type="TypeError">PhpQbittorrent\Tests\Unit\Collection\TorrentCollectionTest::testSorting
TypeError: Cannot assign float to property PhpQbittorrent\Model\TorrentInfo::$ratioLimit of type int

/data/dongasai/qbittorrent_mcp/php_qbittirrent/src/Model/TorrentInfo.php:102
/data/dongasai/qbittorrent_mcp/php_qbittirrent/tests/Unit/Collection/TorrentCollectionTest.php:22
/data/dongasai/qbittorrent_mcp/php_qbittirrent/tests/Unit/Collection/TorrentCollectionTest.php:319</error>
        </testcase>
        <testcase name="testStateGetters" file="/data/dongasai/qbittorrent_mcp/php_qbittirrent/tests/Unit/Collection/TorrentCollectionTest.php" line="356" class="PhpQbittorrent\Tests\Unit\Collection\TorrentCollectionTest" classname="PhpQbittorrent.Tests.Unit.Collection.TorrentCollectionTest" assertions="0" time="0.000141">
          <error type="TypeError">PhpQbittorrent\Tests\Unit\Collection\TorrentCollectionTest::testStateGetters
TypeError: Cannot assign float to property PhpQbittorrent\Model\TorrentInfo::$ratioLimit of type int

/data/dongasai/qbittorrent_mcp/php_qbittirrent/src/Model/TorrentInfo.php:102
/data/dongasai/qbittorrent_mcp/php_qbittirrent/tests/Unit/Collection/TorrentCollectionTest.php:22
/data/dongasai/qbittorrent_mcp/php_qbittirrent/tests/Unit/Collection/TorrentCollectionTest.php:359</error>
        </testcase>
        <testcase name="testStatistics" file="/data/dongasai/qbittorrent_mcp/php_qbittirrent/tests/Unit/Collection/TorrentCollectionTest.php" line="387" class="PhpQbittorrent\Tests\Unit\Collection\TorrentCollectionTest" classname="PhpQbittorrent.Tests.Unit.Collection.TorrentCollectionTest" assertions="0" time="0.000126">
          <error type="TypeError">PhpQbittorrent\Tests\Unit\Collection\TorrentCollectionTest::testStatistics
TypeError: Cannot assign float to property PhpQbittorrent\Model\TorrentInfo::$ratioLimit of type int

/data/dongasai/qbittorrent_mcp/php_qbittirrent/src/Model/TorrentInfo.php:102
/data/dongasai/qbittorrent_mcp/php_qbittirrent/tests/Unit/Collection/TorrentCollectionTest.php:22
/data/dongasai/qbittorrent_mcp/php_qbittirrent/tests/Unit/Collection/TorrentCollectionTest.php:390</error>
        </testcase>
        <testcase name="testGetCategoriesAndTags" file="/data/dongasai/qbittorrent_mcp/php_qbittirrent/tests/Unit/Collection/TorrentCollectionTest.php" line="421" class="PhpQbittorrent\Tests\Unit\Collection\TorrentCollectionTest" classname="PhpQbittorrent.Tests.Unit.Collection.TorrentCollectionTest" assertions="0" time="0.000118">
          <error type="TypeError">PhpQbittorrent\Tests\Unit\Collection\TorrentCollectionTest::testGetCategoriesAndTags
TypeError: Cannot assign float to property PhpQbittorrent\Model\TorrentInfo::$ratioLimit of type int

/data/dongasai/qbittorrent_mcp/php_qbittirrent/src/Model/TorrentInfo.php:102
/data/dongasai/qbittorrent_mcp/php_qbittirrent/tests/Unit/Collection/TorrentCollectionTest.php:22
/data/dongasai/qbittorrent_mcp/php_qbittirrent/tests/Unit/Collection/TorrentCollectionTest.php:424</error>
        </testcase>
        <testcase name="testGrouping" file="/data/dongasai/qbittorrent_mcp/php_qbittirrent/tests/Unit/Collection/TorrentCollectionTest.php" line="437" class="PhpQbittorrent\Tests\Unit\Collection\TorrentCollectionTest" classname="PhpQbittorrent.Tests.Unit.Collection.TorrentCollectionTest" assertions="0" time="0.000103">
          <error type="TypeError">PhpQbittorrent\Tests\Unit\Collection\TorrentCollectionTest::testGrouping
TypeError: Cannot assign float to property PhpQbittorrent\Model\TorrentInfo::$ratioLimit of type int

/data/dongasai/qbittorrent_mcp/php_qbittirrent/src/Model/TorrentInfo.php:102
/data/dongasai/qbittorrent_mcp/php_qbittirrent/tests/Unit/Collection/TorrentCollectionTest.php:22
/data/dongasai/qbittorrent_mcp/php_qbittirrent/tests/Unit/Collection/TorrentCollectionTest.php:440</error>
        </testcase>
        <testcase name="testToArray" file="/data/dongasai/qbittorrent_mcp/php_qbittirrent/tests/Unit/Collection/TorrentCollectionTest.php" line="461" class="PhpQbittorrent\Tests\Unit\Collection\TorrentCollectionTest" classname="PhpQbittorrent.Tests.Unit.Collection.TorrentCollectionTest" assertions="0" time="0.000112">
          <error type="TypeError">PhpQbittorrent\Tests\Unit\Collection\TorrentCollectionTest::testToArray
TypeError: Cannot assign float to property PhpQbittorrent\Model\TorrentInfo::$ratioLimit of type int

/data/dongasai/qbittorrent_mcp/php_qbittirrent/src/Model/TorrentInfo.php:102
/data/dongasai/qbittorrent_mcp/php_qbittirrent/tests/Unit/Collection/TorrentCollectionTest.php:22
/data/dongasai/qbittorrent_mcp/php_qbittirrent/tests/Unit/Collection/TorrentCollectionTest.php:464</error>
        </testcase>
        <testcase name="testEmptyCollection" file="/data/dongasai/qbittorrent_mcp/php_qbittirrent/tests/Unit/Collection/TorrentCollectionTest.php" line="478" class="PhpQbittorrent\Tests\Unit\Collection\TorrentCollectionTest" classname="PhpQbittorrent.Tests.Unit.Collection.TorrentCollectionTest" assertions="8" time="0.000472">
          <error type="TypeError">PhpQbittorrent\Tests\Unit\Collection\TorrentCollectionTest::testEmptyCollection
TypeError: Cannot assign null to property PhpQbittorrent\Tests\TestCase::$factory of type Nyholm\Psr7\Factory\Psr17Factory

/data/dongasai/qbittorrent_mcp/php_qbittirrent/tests/TestCase.php:31</error>
        </testcase>
        <testcase name="testChaining" file="/data/dongasai/qbittorrent_mcp/php_qbittirrent/tests/Unit/Collection/TorrentCollectionTest.php" line="494" class="PhpQbittorrent\Tests\Unit\Collection\TorrentCollectionTest" classname="PhpQbittorrent.Tests.Unit.Collection.TorrentCollectionTest" assertions="0" time="0.000143">
          <error type="TypeError">PhpQbittorrent\Tests\Unit\Collection\TorrentCollectionTest::testChaining
TypeError: Cannot assign float to property PhpQbittorrent\Model\TorrentInfo::$ratioLimit of type int

/data/dongasai/qbittorrent_mcp/php_qbittirrent/src/Model/TorrentInfo.php:102
/data/dongasai/qbittorrent_mcp/php_qbittirrent/tests/Unit/Collection/TorrentCollectionTest.php:22
/data/dongasai/qbittorrent_mcp/php_qbittirrent/tests/Unit/Collection/TorrentCollectionTest.php:497</error>
        </testcase>
      </testsuite>
      <testsuite name="PhpQbittorrent\Tests\Unit\Model\TorrentInfoTest" file="/data/dongasai/qbittorrent_mcp/php_qbittirrent/tests/Unit/Model/TorrentInfoTest.php" tests="12" assertions="0" errors="12" failures="0" skipped="0" time="0.001515">
        <testcase name="testFromArray" file="/data/dongasai/qbittorrent_mcp/php_qbittirrent/tests/Unit/Model/TorrentInfoTest.php" line="18" class="PhpQbittorrent\Tests\Unit\Model\TorrentInfoTest" classname="PhpQbittorrent.Tests.Unit.Model.TorrentInfoTest" assertions="0" time="0.000224">
          <error type="TypeError">PhpQbittorrent\Tests\Unit\Model\TorrentInfoTest::testFromArray
TypeError: Cannot assign float to property PhpQbittorrent\Model\TorrentInfo::$ratioLimit of type int

/data/dongasai/qbittorrent_mcp/php_qbittirrent/src/Model/TorrentInfo.php:102
/data/dongasai/qbittorrent_mcp/php_qbittirrent/src/Model/TorrentInfo.php:265
/data/dongasai/qbittorrent_mcp/php_qbittirrent/tests/Unit/Model/TorrentInfoTest.php:38</error>
        </testcase>
        <testcase name="testDefaultValues" file="/data/dongasai/qbittorrent_mcp/php_qbittirrent/tests/Unit/Model/TorrentInfoTest.php" line="60" class="PhpQbittorrent\Tests\Unit\Model\TorrentInfoTest" classname="PhpQbittorrent.Tests.Unit.Model.TorrentInfoTest" assertions="0" time="0.000132">
          <error type="TypeError">PhpQbittorrent\Tests\Unit\Model\TorrentInfoTest::testDefaultValues
TypeError: Cannot assign float to property PhpQbittorrent\Model\TorrentInfo::$ratioLimit of type int

/data/dongasai/qbittorrent_mcp/php_qbittirrent/src/Model/TorrentInfo.php:102
/data/dongasai/qbittorrent_mcp/php_qbittirrent/src/Model/TorrentInfo.php:265
/data/dongasai/qbittorrent_mcp/php_qbittirrent/tests/Unit/Model/TorrentInfoTest.php:67</error>
        </testcase>
        <testcase name="testStateCheckers" file="/data/dongasai/qbittorrent_mcp/php_qbittirrent/tests/Unit/Model/TorrentInfoTest.php" line="84" class="PhpQbittorrent\Tests\Unit\Model\TorrentInfoTest" classname="PhpQbittorrent.Tests.Unit.Model.TorrentInfoTest" assertions="0" time="0.000131">
          <error type="TypeError">PhpQbittorrent\Tests\Unit\Model\TorrentInfoTest::testStateCheckers
TypeError: Cannot assign float to property PhpQbittorrent\Model\TorrentInfo::$ratioLimit of type int

/data/dongasai/qbittorrent_mcp/php_qbittirrent/src/Model/TorrentInfo.php:102
/data/dongasai/qbittorrent_mcp/php_qbittirrent/src/Model/TorrentInfo.php:265
/data/dongasai/qbittorrent_mcp/php_qbittirrent/tests/Unit/Model/TorrentInfoTest.php:95</error>
        </testcase>
        <testcase name="testFormattingMethods" file="/data/dongasai/qbittorrent_mcp/php_qbittirrent/tests/Unit/Model/TorrentInfoTest.php" line="123" class="PhpQbittorrent\Tests\Unit\Model\TorrentInfoTest" classname="PhpQbittorrent.Tests.Unit.Model.TorrentInfoTest" assertions="0" time="0.000114">
          <error type="TypeError">PhpQbittorrent\Tests\Unit\Model\TorrentInfoTest::testFormattingMethods
TypeError: Cannot assign float to property PhpQbittorrent\Model\TorrentInfo::$ratioLimit of type int

/data/dongasai/qbittorrent_mcp/php_qbittirrent/src/Model/TorrentInfo.php:102
/data/dongasai/qbittorrent_mcp/php_qbittirrent/src/Model/TorrentInfo.php:265
/data/dongasai/qbittorrent_mcp/php_qbittirrent/tests/Unit/Model/TorrentInfoTest.php:125</error>
        </testcase>
        <testcase name="testTagHandling" file="/data/dongasai/qbittorrent_mcp/php_qbittirrent/tests/Unit/Model/TorrentInfoTest.php" line="149" class="PhpQbittorrent\Tests\Unit\Model\TorrentInfoTest" classname="PhpQbittorrent.Tests.Unit.Model.TorrentInfoTest" assertions="0" time="0.000110">
          <error type="TypeError">PhpQbittorrent\Tests\Unit\Model\TorrentInfoTest::testTagHandling
TypeError: Cannot assign float to property PhpQbittorrent\Model\TorrentInfo::$ratioLimit of type int

/data/dongasai/qbittorrent_mcp/php_qbittirrent/src/Model/TorrentInfo.php:102
/data/dongasai/qbittorrent_mcp/php_qbittirrent/src/Model/TorrentInfo.php:265
/data/dongasai/qbittorrent_mcp/php_qbittirrent/tests/Unit/Model/TorrentInfoTest.php:151</error>
        </testcase>
        <testcase name="testCategoryHandling" file="/data/dongasai/qbittorrent_mcp/php_qbittirrent/tests/Unit/Model/TorrentInfoTest.php" line="177" class="PhpQbittorrent\Tests\Unit\Model\TorrentInfoTest" classname="PhpQbittorrent.Tests.Unit.Model.TorrentInfoTest" assertions="0" time="0.000154">
          <error type="TypeError">PhpQbittorrent\Tests\Unit\Model\TorrentInfoTest::testCategoryHandling
TypeError: Cannot assign float to property PhpQbittorrent\Model\TorrentInfo::$ratioLimit of type int

/data/dongasai/qbittorrent_mcp/php_qbittirrent/src/Model/TorrentInfo.php:102
/data/dongasai/qbittorrent_mcp/php_qbittirrent/src/Model/TorrentInfo.php:265
/data/dongasai/qbittorrent_mcp/php_qbittirrent/tests/Unit/Model/TorrentInfoTest.php:179</error>
        </testcase>
        <testcase name="testProgressCalculations" file="/data/dongasai/qbittorrent_mcp/php_qbittirrent/tests/Unit/Model/TorrentInfoTest.php" line="201" class="PhpQbittorrent\Tests\Unit\Model\TorrentInfoTest" classname="PhpQbittorrent.Tests.Unit.Model.TorrentInfoTest" assertions="0" time="0.000109">
          <error type="TypeError">PhpQbittorrent\Tests\Unit\Model\TorrentInfoTest::testProgressCalculations
TypeError: Cannot assign float to property PhpQbittorrent\Model\TorrentInfo::$ratioLimit of type int

/data/dongasai/qbittorrent_mcp/php_qbittirrent/src/Model/TorrentInfo.php:102
/data/dongasai/qbittorrent_mcp/php_qbittirrent/src/Model/TorrentInfo.php:265
/data/dongasai/qbittorrent_mcp/php_qbittirrent/tests/Unit/Model/TorrentInfoTest.php:203</error>
        </testcase>
        <testcase name="testActivityStatus" file="/data/dongasai/qbittorrent_mcp/php_qbittirrent/tests/Unit/Model/TorrentInfoTest.php" line="234" class="PhpQbittorrent\Tests\Unit\Model\TorrentInfoTest" classname="PhpQbittorrent.Tests.Unit.Model.TorrentInfoTest" assertions="0" time="0.000103">
          <error type="TypeError">PhpQbittorrent\Tests\Unit\Model\TorrentInfoTest::testActivityStatus
TypeError: Cannot assign float to property PhpQbittorrent\Model\TorrentInfo::$ratioLimit of type int

/data/dongasai/qbittorrent_mcp/php_qbittirrent/src/Model/TorrentInfo.php:102
/data/dongasai/qbittorrent_mcp/php_qbittirrent/src/Model/TorrentInfo.php:265
/data/dongasai/qbittorrent_mcp/php_qbittirrent/tests/Unit/Model/TorrentInfoTest.php:236</error>
        </testcase>
        <testcase name="testToArray" file="/data/dongasai/qbittorrent_mcp/php_qbittirrent/tests/Unit/Model/TorrentInfoTest.php" line="270" class="PhpQbittorrent\Tests\Unit\Model\TorrentInfoTest" classname="PhpQbittorrent.Tests.Unit.Model.TorrentInfoTest" assertions="0" time="0.000104">
          <error type="TypeError">PhpQbittorrent\Tests\Unit\Model\TorrentInfoTest::testToArray
TypeError: Cannot assign float to property PhpQbittorrent\Model\TorrentInfo::$ratioLimit of type int

/data/dongasai/qbittorrent_mcp/php_qbittirrent/src/Model/TorrentInfo.php:102
/data/dongasai/qbittorrent_mcp/php_qbittirrent/src/Model/TorrentInfo.php:265
/data/dongasai/qbittorrent_mcp/php_qbittirrent/tests/Unit/Model/TorrentInfoTest.php:282</error>
        </testcase>
        <testcase name="testJsonSerialization" file="/data/dongasai/qbittorrent_mcp/php_qbittirrent/tests/Unit/Model/TorrentInfoTest.php" line="304" class="PhpQbittorrent\Tests\Unit\Model\TorrentInfoTest" classname="PhpQbittorrent.Tests.Unit.Model.TorrentInfoTest" assertions="0" time="0.000115">
          <error type="TypeError">PhpQbittorrent\Tests\Unit\Model\TorrentInfoTest::testJsonSerialization
TypeError: Cannot assign float to property PhpQbittorrent\Model\TorrentInfo::$ratioLimit of type int

/data/dongasai/qbittorrent_mcp/php_qbittirrent/src/Model/TorrentInfo.php:102
/data/dongasai/qbittorrent_mcp/php_qbittirrent/src/Model/TorrentInfo.php:265
/data/dongasai/qbittorrent_mcp/php_qbittirrent/tests/Unit/Model/TorrentInfoTest.php:314</error>
        </testcase>
        <testcase name="testStalledStatus" file="/data/dongasai/qbittorrent_mcp/php_qbittirrent/tests/Unit/Model/TorrentInfoTest.php" line="329" class="PhpQbittorrent\Tests\Unit\Model\TorrentInfoTest" classname="PhpQbittorrent.Tests.Unit.Model.TorrentInfoTest" assertions="0" time="0.000109">
          <error type="TypeError">PhpQbittorrent\Tests\Unit\Model\TorrentInfoTest::testStalledStatus
TypeError: Cannot assign float to property PhpQbittorrent\Model\TorrentInfo::$ratioLimit of type int

/data/dongasai/qbittorrent_mcp/php_qbittirrent/src/Model/TorrentInfo.php:102
/data/dongasai/qbittorrent_mcp/php_qbittirrent/src/Model/TorrentInfo.php:265
/data/dongasai/qbittorrent_mcp/php_qbittirrent/tests/Unit/Model/TorrentInfoTest.php:331</error>
        </testcase>
        <testcase name="testErrorStatus" file="/data/dongasai/qbittorrent_mcp/php_qbittirrent/tests/Unit/Model/TorrentInfoTest.php" line="359" class="PhpQbittorrent\Tests\Unit\Model\TorrentInfoTest" classname="PhpQbittorrent.Tests.Unit.Model.TorrentInfoTest" assertions="0" time="0.000111">
          <error type="TypeError">PhpQbittorrent\Tests\Unit\Model\TorrentInfoTest::testErrorStatus
TypeError: Cannot assign float to property PhpQbittorrent\Model\TorrentInfo::$ratioLimit of type int

/data/dongasai/qbittorrent_mcp/php_qbittirrent/src/Model/TorrentInfo.php:102
/data/dongasai/qbittorrent_mcp/php_qbittirrent/src/Model/TorrentInfo.php:265
/data/dongasai/qbittorrent_mcp/php_qbittirrent/tests/Unit/Model/TorrentInfoTest.php:361</error>
        </testcase>
      </testsuite>
      <testsuite name="PhpQbittorrent\Tests\Unit\Response\Torrent\TorrentListResponseTest" file="/data/dongasai/qbittorrent_mcp/php_qbittirrent/tests/Unit/Response/Torrent/TorrentListResponseTest.php" tests="18" assertions="6" errors="18" failures="0" skipped="0" time="0.003034">
        <testcase name="testCreateSuccessResponse" file="/data/dongasai/qbittorrent_mcp/php_qbittirrent/tests/Unit/Response/Torrent/TorrentListResponseTest.php" line="67" class="PhpQbittorrent\Tests\Unit\Response\Torrent\TorrentListResponseTest" classname="PhpQbittorrent.Tests.Unit.Response.Torrent.TorrentListResponseTest" assertions="0" time="0.000215">
          <error type="TypeError">PhpQbittorrent\Tests\Unit\Response\Torrent\TorrentListResponseTest::testCreateSuccessResponse
TypeError: Cannot assign float to property PhpQbittorrent\Model\TorrentInfo::$ratioLimit of type int

/data/dongasai/qbittorrent_mcp/php_qbittirrent/src/Model/TorrentInfo.php:102
/data/dongasai/qbittorrent_mcp/php_qbittirrent/src/Model/TorrentInfo.php:265
/data/dongasai/qbittorrent_mcp/php_qbittirrent/src/Collection/TorrentCollection.php:621
/data/dongasai/qbittorrent_mcp/php_qbittirrent/tests/Unit/Response/Torrent/TorrentListResponseTest.php:70</error>
        </testcase>
        <testcase name="testCreateFailureResponse" file="/data/dongasai/qbittorrent_mcp/php_qbittirrent/tests/Unit/Response/Torrent/TorrentListResponseTest.php" line="92" class="PhpQbittorrent\Tests\Unit\Response\Torrent\TorrentListResponseTest" classname="PhpQbittorrent.Tests.Unit.Response.Torrent.TorrentListResponseTest" assertions="6" time="0.000759">
          <error type="TypeError">PhpQbittorrent\Tests\Unit\Response\Torrent\TorrentListResponseTest::testCreateFailureResponse
TypeError: Cannot assign null to property PhpQbittorrent\Tests\TestCase::$factory of type Nyholm\Psr7\Factory\Psr17Factory

/data/dongasai/qbittorrent_mcp/php_qbittirrent/tests/TestCase.php:31</error>
        </testcase>
        <testcase name="testFromArray" file="/data/dongasai/qbittorrent_mcp/php_qbittirrent/tests/Unit/Response/Torrent/TorrentListResponseTest.php" line="113" class="PhpQbittorrent\Tests\Unit\Response\Torrent\TorrentListResponseTest" classname="PhpQbittorrent.Tests.Unit.Response.Torrent.TorrentListResponseTest" assertions="0" time="0.000142">
          <error type="TypeError">PhpQbittorrent\Tests\Unit\Response\Torrent\TorrentListResponseTest::testFromArray
TypeError: Cannot assign float to property PhpQbittorrent\Model\TorrentInfo::$ratioLimit of type int

/data/dongasai/qbittorrent_mcp/php_qbittirrent/src/Model/TorrentInfo.php:102
/data/dongasai/qbittorrent_mcp/php_qbittirrent/src/Model/TorrentInfo.php:265
/data/dongasai/qbittorrent_mcp/php_qbittirrent/src/Collection/TorrentCollection.php:621
/data/dongasai/qbittorrent_mcp/php_qbittirrent/tests/Unit/Response/Torrent/TorrentListResponseTest.php:127</error>
        </testcase>
        <testcase name="testFromApiResponse" file="/data/dongasai/qbittorrent_mcp/php_qbittirrent/tests/Unit/Response/Torrent/TorrentListResponseTest.php" line="151" class="PhpQbittorrent\Tests\Unit\Response\Torrent\TorrentListResponseTest" classname="PhpQbittorrent.Tests.Unit.Response.Torrent.TorrentListResponseTest" assertions="0" time="0.000146">
          <error type="TypeError">PhpQbittorrent\Tests\Unit\Response\Torrent\TorrentListResponseTest::testFromApiResponse
TypeError: Cannot assign float to property PhpQbittorrent\Model\TorrentInfo::$ratioLimit of type int

/data/dongasai/qbittorrent_mcp/php_qbittirrent/src/Model/TorrentInfo.php:102
/data/dongasai/qbittorrent_mcp/php_qbittirrent/src/Model/TorrentInfo.php:265
/data/dongasai/qbittorrent_mcp/php_qbittirrent/src/Collection/TorrentCollection.php:621
/data/dongasai/qbittorrent_mcp/php_qbittirrent/src/Response/Torrent/TorrentListResponse.php:150
/data/dongasai/qbittorrent_mcp/php_qbittirrent/tests/Unit/Response/Torrent/TorrentListResponseTest.php:163</error>
        </testcase>
        <testcase name="testGetTorrentByHash" file="/data/dongasai/qbittorrent_mcp/php_qbittirrent/tests/Unit/Response/Torrent/TorrentListResponseTest.php" line="178" class="PhpQbittorrent\Tests\Unit\Response\Torrent\TorrentListResponseTest" classname="PhpQbittorrent.Tests.Unit.Response.Torrent.TorrentListResponseTest" assertions="0" time="0.000123">
          <error type="TypeError">PhpQbittorrent\Tests\Unit\Response\Torrent\TorrentListResponseTest::testGetTorrentByHash
TypeError: Cannot assign float to property PhpQbittorrent\Model\TorrentInfo::$ratioLimit of type int

/data/dongasai/qbittorrent_mcp/php_qbittirrent/src/Model/TorrentInfo.php:102
/data/dongasai/qbittorrent_mcp/php_qbittirrent/src/Model/TorrentInfo.php:265
/data/dongasai/qbittorrent_mcp/php_qbittirrent/src/Collection/TorrentCollection.php:621
/data/dongasai/qbittorrent_mcp/php_qbittirrent/src/Response/Torrent/TorrentListResponse.php:150
/data/dongasai/qbittorrent_mcp/php_qbittirrent/tests/Unit/Response/Torrent/TorrentListResponseTest.php:181</error>
        </testcase>
        <testcase name="testHasHash" file="/data/dongasai/qbittorrent_mcp/php_qbittirrent/tests/Unit/Response/Torrent/TorrentListResponseTest.php" line="195" class="PhpQbittorrent\Tests\Unit\Response\Torrent\TorrentListResponseTest" classname="PhpQbittorrent.Tests.Unit.Response.Torrent.TorrentListResponseTest" assertions="0" time="0.000146">
          <error type="TypeError">PhpQbittorrent\Tests\Unit\Response\Torrent\TorrentListResponseTest::testHasHash
TypeError: Cannot assign float to property PhpQbittorrent\Model\TorrentInfo::$ratioLimit of type int

/data/dongasai/qbittorrent_mcp/php_qbittirrent/src/Model/TorrentInfo.php:102
/data/dongasai/qbittorrent_mcp/php_qbittirrent/src/Model/TorrentInfo.php:265
/data/dongasai/qbittorrent_mcp/php_qbittirrent/src/Collection/TorrentCollection.php:621
/data/dongasai/qbittorrent_mcp/php_qbittirrent/src/Response/Torrent/TorrentListResponse.php:150
/data/dongasai/qbittorrent_mcp/php_qbittirrent/tests/Unit/Response/Torrent/TorrentListResponseTest.php:198</error>
        </testcase>
        <testcase name="testGetTorrentsByCategory" file="/data/dongasai/qbittorrent_mcp/php_qbittirrent/tests/Unit/Response/Torrent/TorrentListResponseTest.php" line="209" class="PhpQbittorrent\Tests\Unit\Response\Torrent\TorrentListResponseTest" classname="PhpQbittorrent.Tests.Unit.Response.Torrent.TorrentListResponseTest" assertions="0" time="0.000128">
          <error type="TypeError">PhpQbittorrent\Tests\Unit\Response\Torrent\TorrentListResponseTest::testGetTorrentsByCategory
TypeError: Cannot assign float to property PhpQbittorrent\Model\TorrentInfo::$ratioLimit of type int

/data/dongasai/qbittorrent_mcp/php_qbittirrent/src/Model/TorrentInfo.php:102
/data/dongasai/qbittorrent_mcp/php_qbittirrent/src/Model/TorrentInfo.php:265
/data/dongasai/qbittorrent_mcp/php_qbittirrent/src/Collection/TorrentCollection.php:621
/data/dongasai/qbittorrent_mcp/php_qbittirrent/src/Response/Torrent/TorrentListResponse.php:150
/data/dongasai/qbittorrent_mcp/php_qbittirrent/tests/Unit/Response/Torrent/TorrentListResponseTest.php:212</error>
        </testcase>
        <testcase name="testGetTorrentsByTag" file="/data/dongasai/qbittorrent_mcp/php_qbittirrent/tests/Unit/Response/Torrent/TorrentListResponseTest.php" line="231" class="PhpQbittorrent\Tests\Unit\Response\Torrent\TorrentListResponseTest" classname="PhpQbittorrent.Tests.Unit.Response.Torrent.TorrentListResponseTest" assertions="0" time="0.000114">
          <error type="TypeError">PhpQbittorrent\Tests\Unit\Response\Torrent\TorrentListResponseTest::testGetTorrentsByTag
TypeError: Cannot assign float to property PhpQbittorrent\Model\TorrentInfo::$ratioLimit of type int

/data/dongasai/qbittorrent_mcp/php_qbittirrent/src/Model/TorrentInfo.php:102
/data/dongasai/qbittorrent_mcp/php_qbittirrent/src/Model/TorrentInfo.php:265
/data/dongasai/qbittorrent_mcp/php_qbittirrent/src/Collection/TorrentCollection.php:621
/data/dongasai/qbittorrent_mcp/php_qbittirrent/src/Response/Torrent/TorrentListResponse.php:150
/data/dongasai/qbittorrent_mcp/php_qbittirrent/tests/Unit/Response/Torrent/TorrentListResponseTest.php:234</error>
        </testcase>
        <testcase name="testGetActiveTorrents" file="/data/dongasai/qbittorrent_mcp/php_qbittirrent/tests/Unit/Response/Torrent/TorrentListResponseTest.php" line="250" class="PhpQbittorrent\Tests\Unit\Response\Torrent\TorrentListResponseTest" classname="PhpQbittorrent.Tests.Unit.Response.Torrent.TorrentListResponseTest" assertions="0" time="0.000116">
          <error type="TypeError">PhpQbittorrent\Tests\Unit\Response\Torrent\TorrentListResponseTest::testGetActiveTorrents
TypeError: Cannot assign float to property PhpQbittorrent\Model\TorrentInfo::$ratioLimit of type int

/data/dongasai/qbittorrent_mcp/php_qbittirrent/src/Model/TorrentInfo.php:102
/data/dongasai/qbittorrent_mcp/php_qbittirrent/src/Model/TorrentInfo.php:265
/data/dongasai/qbittorrent_mcp/php_qbittirrent/src/Collection/TorrentCollection.php:621
/data/dongasai/qbittorrent_mcp/php_qbittirrent/src/Response/Torrent/TorrentListResponse.php:150
/data/dongasai/qbittorrent_mcp/php_qbittirrent/tests/Unit/Response/Torrent/TorrentListResponseTest.php:253</error>
        </testcase>
        <testcase name="testGetCompletedTorrents" file="/data/dongasai/qbittorrent_mcp/php_qbittirrent/tests/Unit/Response/Torrent/TorrentListResponseTest.php" line="265" class="PhpQbittorrent\Tests\Unit\Response\Torrent\TorrentListResponseTest" classname="PhpQbittorrent.Tests.Unit.Response.Torrent.TorrentListResponseTest" assertions="0" time="0.000124">
          <error type="TypeError">PhpQbittorrent\Tests\Unit\Response\Torrent\TorrentListResponseTest::testGetCompletedTorrents
TypeError: Cannot assign float to property PhpQbittorrent\Model\TorrentInfo::$ratioLimit of type int

/data/dongasai/qbittorrent_mcp/php_qbittirrent/src/Model/TorrentInfo.php:102
/data/dongasai/qbittorrent_mcp/php_qbittirrent/src/Model/TorrentInfo.php:265
/data/dongasai/qbittorrent_mcp/php_qbittirrent/src/Collection/TorrentCollection.php:621
/data/dongasai/qbittorrent_mcp/php_qbittirrent/src/Response/Torrent/TorrentListResponse.php:150
/data/dongasai/qbittorrent_mcp/php_qbittirrent/tests/Unit/Response/Torrent/TorrentListResponseTest.php:268</error>
        </testcase>
        <testcase name="testGetDownloadingTorrents" file="/data/dongasai/qbittorrent_mcp/php_qbittirrent/tests/Unit/Response/Torrent/TorrentListResponseTest.php" line="279" class="PhpQbittorrent\Tests\Unit\Response\Torrent\TorrentListResponseTest" classname="PhpQbittorrent.Tests.Unit.Response.Torrent.TorrentListResponseTest" assertions="0" time="0.000120">
          <error type="TypeError">PhpQbittorrent\Tests\Unit\Response\Torrent\TorrentListResponseTest::testGetDownloadingTorrents
TypeError: Cannot assign float to property PhpQbittorrent\Model\TorrentInfo::$ratioLimit of type int

/data/dongasai/qbittorrent_mcp/php_qbittirrent/src/Model/TorrentInfo.php:102
/data/dongasai/qbittorrent_mcp/php_qbittirrent/src/Model/TorrentInfo.php:265
/data/dongasai/qbittorrent_mcp/php_qbittirrent/src/Collection/TorrentCollection.php:621
/data/dongasai/qbittorrent_mcp/php_qbittirrent/src/Response/Torrent/TorrentListResponse.php:150
/data/dongasai/qbittorrent_mcp/php_qbittirrent/tests/Unit/Response/Torrent/TorrentListResponseTest.php:282</error>
        </testcase>
        <testcase name="testGetUploadingTorrents" file="/data/dongasai/qbittorrent_mcp/php_qbittirrent/tests/Unit/Response/Torrent/TorrentListResponseTest.php" line="294" class="PhpQbittorrent\Tests\Unit\Response\Torrent\TorrentListResponseTest" classname="PhpQbittorrent.Tests.Unit.Response.Torrent.TorrentListResponseTest" assertions="0" time="0.000116">
          <error type="TypeError">PhpQbittorrent\Tests\Unit\Response\Torrent\TorrentListResponseTest::testGetUploadingTorrents
TypeError: Cannot assign float to property PhpQbittorrent\Model\TorrentInfo::$ratioLimit of type int

/data/dongasai/qbittorrent_mcp/php_qbittirrent/src/Model/TorrentInfo.php:102
/data/dongasai/qbittorrent_mcp/php_qbittirrent/src/Model/TorrentInfo.php:265
/data/dongasai/qbittorrent_mcp/php_qbittirrent/src/Collection/TorrentCollection.php:621
/data/dongasai/qbittorrent_mcp/php_qbittirrent/src/Response/Torrent/TorrentListResponse.php:150
/data/dongasai/qbittorrent_mcp/php_qbittirrent/tests/Unit/Response/Torrent/TorrentListResponseTest.php:297</error>
        </testcase>
        <testcase name="testGetErroredTorrents" file="/data/dongasai/qbittorrent_mcp/php_qbittirrent/tests/Unit/Response/Torrent/TorrentListResponseTest.php" line="309" class="PhpQbittorrent\Tests\Unit\Response\Torrent\TorrentListResponseTest" classname="PhpQbittorrent.Tests.Unit.Response.Torrent.TorrentListResponseTest" assertions="0" time="0.000132">
          <error type="TypeError">PhpQbittorrent\Tests\Unit\Response\Torrent\TorrentListResponseTest::testGetErroredTorrents
TypeError: Cannot assign float to property PhpQbittorrent\Model\TorrentInfo::$ratioLimit of type int

/data/dongasai/qbittorrent_mcp/php_qbittirrent/src/Model/TorrentInfo.php:102
/data/dongasai/qbittorrent_mcp/php_qbittirrent/src/Model/TorrentInfo.php:265
/data/dongasai/qbittorrent_mcp/php_qbittirrent/src/Collection/TorrentCollection.php:621
/data/dongasai/qbittorrent_mcp/php_qbittirrent/src/Response/Torrent/TorrentListResponse.php:150
/data/dongasai/qbittorrent_mcp/php_qbittirrent/tests/Unit/Response/Torrent/TorrentListResponseTest.php:312</error>
        </testcase>
        <testcase name="testGetSummary" file="/data/dongasai/qbittorrent_mcp/php_qbittirrent/tests/Unit/Response/Torrent/TorrentListResponseTest.php" line="323" class="PhpQbittorrent\Tests\Unit\Response\Torrent\TorrentListResponseTest" classname="PhpQbittorrent.Tests.Unit.Response.Torrent.TorrentListResponseTest" assertions="0" time="0.000114">
          <error type="TypeError">PhpQbittorrent\Tests\Unit\Response\Torrent\TorrentListResponseTest::testGetSummary
TypeError: Cannot assign float to property PhpQbittorrent\Model\TorrentInfo::$ratioLimit of type int

/data/dongasai/qbittorrent_mcp/php_qbittirrent/src/Model/TorrentInfo.php:102
/data/dongasai/qbittorrent_mcp/php_qbittirrent/src/Model/TorrentInfo.php:265
/data/dongasai/qbittorrent_mcp/php_qbittirrent/src/Collection/TorrentCollection.php:621
/data/dongasai/qbittorrent_mcp/php_qbittirrent/src/Response/Torrent/TorrentListResponse.php:150
/data/dongasai/qbittorrent_mcp/php_qbittirrent/tests/Unit/Response/Torrent/TorrentListResponseTest.php:326</error>
        </testcase>
        <testcase name="testGetFormattedSummary" file="/data/dongasai/qbittorrent_mcp/php_qbittirrent/tests/Unit/Response/Torrent/TorrentListResponseTest.php" line="380" class="PhpQbittorrent\Tests\Unit\Response\Torrent\TorrentListResponseTest" classname="PhpQbittorrent.Tests.Unit.Response.Torrent.TorrentListResponseTest" assertions="0" time="0.000113">
          <error type="TypeError">PhpQbittorrent\Tests\Unit\Response\Torrent\TorrentListResponseTest::testGetFormattedSummary
TypeError: Cannot assign float to property PhpQbittorrent\Model\TorrentInfo::$ratioLimit of type int

/data/dongasai/qbittorrent_mcp/php_qbittirrent/src/Model/TorrentInfo.php:102
/data/dongasai/qbittorrent_mcp/php_qbittirrent/src/Model/TorrentInfo.php:265
/data/dongasai/qbittorrent_mcp/php_qbittirrent/src/Collection/TorrentCollection.php:621
/data/dongasai/qbittorrent_mcp/php_qbittirrent/src/Response/Torrent/TorrentListResponse.php:150
/data/dongasai/qbittorrent_mcp/php_qbittirrent/tests/Unit/Response/Torrent/TorrentListResponseTest.php:383</error>
        </testcase>
        <testcase name="testValidation" file="/data/dongasai/qbittorrent_mcp/php_qbittirrent/tests/Unit/Response/Torrent/TorrentListResponseTest.php" line="418" class="PhpQbittorrent\Tests\Unit\Response\Torrent\TorrentListResponseTest" classname="PhpQbittorrent.Tests.Unit.Response.Torrent.TorrentListResponseTest" assertions="0" time="0.000109">
          <error type="TypeError">PhpQbittorrent\Tests\Unit\Response\Torrent\TorrentListResponseTest::testValidation
TypeError: Cannot assign float to property PhpQbittorrent\Model\TorrentInfo::$ratioLimit of type int

/data/dongasai/qbittorrent_mcp/php_qbittirrent/src/Model/TorrentInfo.php:102
/data/dongasai/qbittorrent_mcp/php_qbittirrent/src/Model/TorrentInfo.php:265
/data/dongasai/qbittorrent_mcp/php_qbittirrent/src/Collection/TorrentCollection.php:621
/data/dongasai/qbittorrent_mcp/php_qbittirrent/src/Response/Torrent/TorrentListResponse.php:150
/data/dongasai/qbittorrent_mcp/php_qbittirrent/tests/Unit/Response/Torrent/TorrentListResponseTest.php:421</error>
        </testcase>
        <testcase name="testToArray" file="/data/dongasai/qbittorrent_mcp/php_qbittirrent/tests/Unit/Response/Torrent/TorrentListResponseTest.php" line="454" class="PhpQbittorrent\Tests\Unit\Response\Torrent\TorrentListResponseTest" classname="PhpQbittorrent.Tests.Unit.Response.Torrent.TorrentListResponseTest" assertions="0" time="0.000130">
          <error type="TypeError">PhpQbittorrent\Tests\Unit\Response\Torrent\TorrentListResponseTest::testToArray
TypeError: Cannot assign float to property PhpQbittorrent\Model\TorrentInfo::$ratioLimit of type int

/data/dongasai/qbittorrent_mcp/php_qbittirrent/src/Model/TorrentInfo.php:102
/data/dongasai/qbittorrent_mcp/php_qbittirrent/src/Model/TorrentInfo.php:265
/data/dongasai/qbittorrent_mcp/php_qbittirrent/src/Collection/TorrentCollection.php:621
/data/dongasai/qbittorrent_mcp/php_qbittirrent/src/Response/Torrent/TorrentListResponse.php:150
/data/dongasai/qbittorrent_mcp/php_qbittirrent/tests/Unit/Response/Torrent/TorrentListResponseTest.php:466</error>
        </testcase>
        <testcase name="testEmptyResponse" file="/data/dongasai/qbittorrent_mcp/php_qbittirrent/tests/Unit/Response/Torrent/TorrentListResponseTest.php" line="495" class="PhpQbittorrent\Tests\Unit\Response\Torrent\TorrentListResponseTest" classname="PhpQbittorrent.Tests.Unit.Response.Torrent.TorrentListResponseTest" assertions="0" time="0.000189">
          <error type="TypeError">PhpQbittorrent\Tests\Unit\Response\Torrent\TorrentListResponseTest::testEmptyResponse
TypeError: PhpQbittorrent\Response\Torrent\TorrentListResponse::success(): Argument #1 ($data) must be of type array, PhpQbittorrent\Collection\TorrentCollection given, called in /data/dongasai/qbittorrent_mcp/php_qbittirrent/src/Response/Torrent/TorrentListResponse.php on line 153

/data/dongasai/qbittorrent_mcp/php_qbittirrent/src/Response/Torrent/TorrentListResponse.php:59
/data/dongasai/qbittorrent_mcp/php_qbittirrent/src/Response/Torrent/TorrentListResponse.php:153
/data/dongasai/qbittorrent_mcp/php_qbittirrent/tests/Unit/Response/Torrent/TorrentListResponseTest.php:497</error>
        </testcase>
      </testsuite>
    </testsuite>
  </testsuite>
</testsuites>
